[32mINFO    [0m pytest_operator.plugin:plugin.py:862 Model status:

Model  Controller          Cloud/Region        Version  SLA          Timestamp
test   microk8s-localhost  microk8s/localhost  3.6.1    unsupported  01:38:17Z

App               Version  Status  Scale  Charm             Channel  Rev  Address         Exposed  Message
mysql-router-k8s           error       1  mysql-router-k8s             0  10.152.183.172  no       hook failed: "install"

Unit                 Workload  Agent  Address     Ports  Message
mysql-router-k8s/0*  error     idle   10.1.91.73         hook failed: "install"

[32mINFO    [0m pytest_operator.plugin:plugin.py:868 Juju error logs:

unit-mysql-router-k8s-0: 01:37:46 ERROR unit.mysql-router-k8s/0.juju-log Uncaught exception while in charm code:
Traceback (most recent call last):
  File "/var/lib/juju/agents/unit-mysql-router-k8s-0/charm/src/charm.py", line 14, in <module>
    ops.main.main(WrongArchitectureWarningCharm)
  File "/var/lib/juju/agents/unit-mysql-router-k8s-0/charm/venv/lib/python3.10/site-packages/ops/main.py", line 424, in main
    charm = charm_class(framework)
  File "/var/lib/juju/agents/unit-mysql-router-k8s-0/charm/src/architecture.py", line 29, in __init__
    raise RuntimeError(
RuntimeError: Incompatible architecture: this charm revision does not support x86_64. If this app is being refreshed, rollback with instructions from Charmhub docs. If this app is being deployed for the first time, remove it and deploy it again using a compatible revision.
unit-mysql-router-k8s-0: 01:37:46 ERROR juju.worker.uniter.operation hook "install" (via hook dispatching script: dispatch) failed: exit status 1
unit-mysql-router-k8s-0: 01:37:51 ERROR unit.mysql-router-k8s/0.juju-log Uncaught exception while in charm code:
Traceback (most recent call last):
  File "/var/lib/juju/agents/unit-mysql-router-k8s-0/charm/src/charm.py", line 14, in <module>
    ops.main.main(WrongArchitectureWarningCharm)
  File "/var/lib/juju/agents/unit-mysql-router-k8s-0/charm/venv/lib/python3.10/site-packages/ops/main.py", line 424, in main
    charm = charm_class(framework)
  File "/var/lib/juju/agents/unit-mysql-router-k8s-0/charm/src/architecture.py", line 29, in __init__
    raise RuntimeError(
RuntimeError: Incompatible architecture: this charm revision does not support x86_64. If this app is being refreshed, rollback with instructions from Charmhub docs. If this app is being deployed for the first time, remove it and deploy it again using a compatible revision.
unit-mysql-router-k8s-0: 01:37:51 ERROR juju.worker.uniter.operation hook "install" (via hook dispatching script: dispatch) failed: exit status 1
unit-mysql-router-k8s-0: 01:38:01 ERROR unit.mysql-router-k8s/0.juju-log Uncaught exception while in charm code:
Traceback (most recent call last):
  File "/var/lib/juju/agents/unit-mysql-router-k8s-0/charm/src/charm.py", line 14, in <module>
    ops.main.main(WrongArchitectureWarningCharm)
  File "/var/lib/juju/agents/unit-mysql-router-k8s-0/charm/venv/lib/python3.10/site-packages/ops/main.py", line 424, in main
    charm = charm_class(framework)
  File "/var/lib/juju/agents/unit-mysql-router-k8s-0/charm/src/architecture.py", line 29, in __init__
    raise RuntimeError(
RuntimeError: Incompatible architecture: this charm revision does not support x86_64. If this app is being refreshed, rollback with instructions from Charmhub docs. If this app is being deployed for the first time, remove it and deploy it again using a compatible revision.
unit-mysql-router-k8s-0: 01:38:02 ERROR juju.worker.uniter.operation hook "install" (via hook dispatching script: dispatch) failed: exit status 1

[32mINFO    [0m pytest_operator.plugin:plugin.py:947 Forgetting model main...