[33mWARNING [0m juju.client.connection:connection.py:858 unexpected facade SSHServer received from the controller
[32mINFO    [0m pytest_operator.plugin:plugin.py:734 Connecting to existing model concierge-microk8s:testing on unspecified cloud
[33mWARNING [0m juju.client.connection:connection.py:858 unexpected facade SSHServer received from the controller
[33mWARNING [0m juju.client.connection:connection.py:858 unexpected facade SSHSession received from the controller
[33mWARNING [0m juju.client.connection:connection.py:858 unexpected facade SSHTunneler received from the controller
[33mWARNING [0m juju.client.connection:connection.py:858 unexpected facade SSHServer received from the controller
[32mINFO    [0m integration.test_charm:test_charm.py:45 Deploying mysql, mysqlrouter and application
[32mINFO    [0m juju.model:model.py:2284 Deploying ch:amd64/jammy/mysql-test-app-73
[32mINFO    [0m juju.model:model.py:2284 Deploying ch:amd64/jammy/mysql-k8s-259
[32mINFO    [0m juju.model:model.py:2284 Deploying local:mysql-router-k8s-0
[32mINFO    [0m integration.test_charm:test_charm.py:76 Waiting for mysqlrouter to be in BlockedStatus
[32mINFO    [0m integration.test_charm:test_charm.py:82 Relating mysql, mysqlrouter and application
[33mWARNING [0m juju.model:model.py:1666 relate is deprecated and will be removed. Use integrate instead.
[33mWARNING [0m juju.model:model.py:1666 relate is deprecated and will be removed. Use integrate instead.
[32mINFO    [0m juju.model:model.py:3211 Waiting for model:
  mysql-router-k8s/0 [idle] waiting: 
[32mINFO    [0m juju.model:model.py:3211 Waiting for model:
  mysql-router-k8s/0 [idle] waiting: 
[32mINFO    [0m juju.model:model.py:3211 Waiting for model:
  mysql-router-k8s/0 [idle] active: 
[32mINFO    [0m juju.model:model.py:3211 Waiting for model:
  mysql-k8s/0 [executing] active: 
  mysql-k8s/1 [executing] active: Primary
  mysql-k8s/2 [idle] maintenance: joining the cluster
  mysql-router-k8s/0 [idle] active: 
  mysql-test-app/0 [idle] active: Last written value=781
[32mINFO    [0m juju.model:model.py:3211 Waiting for model:
  mysql-k8s/0 [idle] active: 
  mysql-k8s/1 [executing] active: Primary
  mysql-k8s/2 [idle] active: 
[32mINFO    [0m juju.model:model.py:3211 Waiting for model:
  mysql-k8s/1 [executing] active: Primary
  mysql-k8s/2 [executing] active: 
[32mINFO    [0m juju.model:model.py:3211 Waiting for model:
  mysql-k8s/0 [executing] active: 
  mysql-k8s/1 [executing] active: Primary
  mysql-k8s/2 [idle] active: 
[32mINFO    [0m juju.model:model.py:3211 Waiting for model:
  mysql-k8s/0 [executing] active: 
  mysql-k8s/1 [executing] active: Primary
[32mINFO    [0m juju.model:model.py:3211 Waiting for model:
  mysql-k8s/1 [executing] active: Primary
  mysql-k8s/2 [idle] active: 
[32mINFO    [0m juju.model:model.py:3211 Waiting for model:
  mysql-k8s/1 [executing] active: Primary
  mysql-k8s/2 [executing] active: 
[32mINFO    [0m juju.model:model.py:3211 Waiting for model:
  mysql-k8s/0 [executing] active: 
  mysql-k8s/1 [executing] active: Primary
  mysql-k8s/2 [executing] active: 
[32mINFO    [0m juju.model:model.py:3211 Waiting for model:
  mysql-k8s/0 [executing] active: 
  mysql-k8s/1 [executing] active: Primary
  mysql-k8s/2 [idle] active: 
[32mINFO    [0m juju.model:model.py:3211 Waiting for model:
  mysql-k8s/0 [executing] active: 
  mysql-k8s/1 [executing] active: Primary
[32mINFO    [0m juju.model:model.py:3211 Waiting for model:
  mysql-k8s/0 [executing] active: 
  mysql-k8s/1 [executing] active: Primary
  mysql-k8s/2 [executing] active: 
[32mINFO    [0m juju.model:model.py:3211 Waiting for model:
  mysql-k8s/0 [executing] active: 
  mysql-k8s/1 [executing] active: Primary
  mysql-k8s/2 [executing] active: 
[32mINFO    [0m juju.model:model.py:3211 Waiting for model:
  mysql-k8s/0 [executing] active: 
  mysql-k8s/1 [executing] active: Primary
  mysql-k8s/2 [executing] active: 
[32mINFO    [0m juju.model:model.py:3211 Waiting for model:
  mysql-k8s/0 [executing] active: 
  mysql-k8s/1 [executing] active: Primary
[32mINFO    [0m juju.model:model.py:3211 Waiting for model:
  mysql-k8s/0 [executing] active: 
  mysql-k8s/1 [executing] active: Primary
[32mINFO    [0m juju.model:model.py:3211 Waiting for model:
  mysql-k8s/0 [executing] active: 
  mysql-k8s/1 [executing] active: Primary
  mysql-k8s/2 [executing] active: 
[32mINFO    [0m juju.model:model.py:3211 Waiting for model:
  mysql-k8s/0 [executing] active: 
  mysql-k8s/1 [executing] active: Primary
  mysql-k8s/2 [executing] active: 
[32mINFO    [0m juju.model:model.py:3211 Waiting for model:
  mysql-k8s/0 [executing] active: 
  mysql-k8s/1 [executing] active: Primary
  mysql-k8s/2 [executing] active: 
[32mINFO    [0m juju.model:model.py:3211 Waiting for model:
  mysql-k8s/0 [executing] active: 
  mysql-k8s/1 [executing] active: Primary
  mysql-k8s/2 [executing] active: 
[32mINFO    [0m juju.model:model.py:3211 Waiting for model:
  mysql-k8s/0 [executing] active: 
  mysql-k8s/1 [executing] active: Primary
  mysql-k8s/2 [executing] active: 
[32mINFO    [0m juju.model:model.py:3211 Waiting for model:
  mysql-k8s/0 [executing] active: 
  mysql-k8s/1 [executing] active: Primary
  mysql-k8s/2 [executing] active: 
[32mINFO    [0m juju.model:model.py:3211 Waiting for model:
  mysql-k8s/0 [executing] active: 
  mysql-k8s/1 [executing] active: Primary
  mysql-k8s/2 [executing] active: 
[32mINFO    [0m juju.model:model.py:3211 Waiting for model:
  mysql-k8s/0 [executing] active: 
  mysql-k8s/1 [executing] active: Primary
  mysql-k8s/2 [executing] active: 
[32mINFO    [0m juju.model:model.py:3211 Waiting for model:
  mysql-k8s/0 [executing] active: 
  mysql-k8s/1 [executing] active: Primary
  mysql-k8s/2 [executing] active: 
[32mINFO    [0m juju.model:model.py:3211 Waiting for model:
  mysql-k8s/0 [executing] active: 
  mysql-k8s/1 [executing] active: Primary
  mysql-k8s/2 [executing] active: 
[32mINFO    [0m juju.model:model.py:3211 Waiting for model:
  mysql-k8s/0 [executing] active: 
  mysql-k8s/1 [executing] active: Primary
  mysql-k8s/2 [executing] active: 
[32mINFO    [0m juju.model:model.py:3211 Waiting for model:
  mysql-k8s/0 [executing] active: 
  mysql-k8s/1 [executing] active: Primary
  mysql-k8s/2 [executing] active: 
[32mINFO    [0m juju.model:model.py:3211 Waiting for model:
  mysql-k8s/0 [executing] active: 
  mysql-k8s/1 [executing] active: Primary
  mysql-k8s/2 [executing] active: 
[32mINFO    [0m juju.model:model.py:3211 Waiting for model:
  mysql-k8s/0 [executing] active: 
  mysql-k8s/1 [executing] active: Primary
  mysql-k8s/2 [executing] active: 
[32mINFO    [0m juju.model:model.py:3211 Waiting for model:
  mysql-k8s/0 [executing] active: 
  mysql-k8s/1 [executing] active: Primary
  mysql-k8s/2 [executing] active:
[32mINFO    [0m pytest_operator.plugin:plugin.py:862 Model status:

Model    Controller          Cloud/Region        Version  SLA          Timestamp
testing  concierge-microk8s  microk8s/localhost  3.6.7    unsupported  01:58:08Z

App               Version                  Status  Scale  Charm             Channel      Rev  Address         Exposed  Message
mysql-k8s         8.0.41-0ubuntu0.22.04.1  active      3  mysql-k8s         8.0/edge     259  10.152.183.43   no       
mysql-router-k8s  8.0.41-0ubuntu0.22.04.1  active      1  mysql-router-k8s                 0  10.152.183.123  no       
mysql-test-app    0.0.2                    active      1  mysql-test-app    latest/edge   73  10.152.183.36   no       Last written value=44783

Unit                 Workload  Agent      Address     Ports  Message
mysql-k8s/0          active    executing  10.1.32.78         
mysql-k8s/1*         active    executing  10.1.32.79         Primary
mysql-k8s/2          active    executing  10.1.32.80         
mysql-router-k8s/0*  active    idle       10.1.32.77         
mysql-test-app/0*    active    idle       10.1.32.73         Last written value=44783

[32mINFO    [0m pytest_operator.plugin:plugin.py:868 Juju error logs:

unit-mysql-k8s-2: 01:52:31 ERROR unit.mysql-k8s/2.juju-log Failed to execute MySQL cli command
Traceback (most recent call last):
  File "/var/lib/juju/agents/unit-mysql-k8s-2/charm/venv/lib/python3.10/site-packages/websocket/_socket.py", line 118, in recv
    bytes_ = _recv()
  File "/var/lib/juju/agents/unit-mysql-k8s-2/charm/venv/lib/python3.10/site-packages/websocket/_socket.py", line 97, in _recv
    return sock.recv(bufsize)
TimeoutError: timed out

During handling of the above exception, another exception occurred:

Traceback (most recent call last):
  File "/var/lib/juju/agents/unit-mysql-k8s-2/charm/venv/lib/python3.10/site-packages/ops/pebble.py", line 2890, in exec
    control_ws = self._connect_websocket(task_id, 'control')
  File "/var/lib/juju/agents/unit-mysql-k8s-2/charm/venv/lib/python3.10/site-packages/ops/pebble.py", line 2978, in _connect_websocket
    ws.connect(url, socket=sock)
  File "/var/lib/juju/agents/unit-mysql-k8s-2/charm/venv/lib/python3.10/site-packages/websocket/_core.py", line 261, in connect
    self.handshake_response = handshake(self.sock, url, *addrs, **options)
  File "/var/lib/juju/agents/unit-mysql-k8s-2/charm/venv/lib/python3.10/site-packages/websocket/_handshake.py", line 65, in handshake
    status, resp = _get_resp_headers(sock)
  File "/var/lib/juju/agents/unit-mysql-k8s-2/charm/venv/lib/python3.10/site-packages/websocket/_handshake.py", line 141, in _get_resp_headers
    status, resp_headers, status_message = read_headers(sock)
  File "/var/lib/juju/agents/unit-mysql-k8s-2/charm/venv/lib/python3.10/site-packages/websocket/_http.py", line 351, in read_headers
    line = recv_line(sock)
  File "/var/lib/juju/agents/unit-mysql-k8s-2/charm/venv/lib/python3.10/site-packages/websocket/_socket.py", line 140, in recv_line
    c = recv(sock, 1)
  File "/var/lib/juju/agents/unit-mysql-k8s-2/charm/venv/lib/python3.10/site-packages/websocket/_socket.py", line 120, in recv
    raise WebSocketTimeoutException("Connection timed out")
websocket._exceptions.WebSocketTimeoutException: Connection timed out

The above exception was the direct cause of the following exception:

Traceback (most recent call last):
  File "/var/lib/juju/agents/unit-mysql-k8s-2/charm/src/mysql_k8s_helpers.py", line 769, in _run_mysqlcli_script
    process = self.container.exec(command, timeout=timeout, stdin=password)
  File "/var/lib/juju/agents/unit-mysql-k8s-2/charm/venv/lib/python3.10/site-packages/ops/model.py", line 2872, in exec
    return self._pebble.exec(
  File "/var/lib/juju/agents/unit-mysql-k8s-2/charm/venv/lib/python3.10/site-packages/ops/pebble.py", line 2899, in exec
    raise ChangeError(change.err, change) from e
ops.pebble.ChangeError: cannot perform the following tasks:
- Execute command "/usr/bin/mysql" (exec 633: timeout waiting for websocket connections: context deadline exceeded)
----- Logs from task 0 -----
2025-07-05T01:52:31Z ERROR exec 633: timeout waiting for websocket connections: context deadline exceeded
-----
unit-mysql-k8s-2: 01:52:31 ERROR unit.mysql-k8s/2.juju-log Failed to get member state: mysqld daemon is down

[32mINFO    [0m pytest_operator.plugin:plugin.py:947 Forgetting model main...