[33mWARNING [0m juju.client.connection:connection.py:858 unexpected facade SSHServer received from the controller
[32mINFO    [0m pytest_operator.plugin:plugin.py:734 Connecting to existing model concierge-microk8s:testing on unspecified cloud
[33mWARNING [0m juju.client.connection:connection.py:858 unexpected facade SSHServer received from the controller
[33mWARNING [0m juju.client.connection:connection.py:858 unexpected facade SSHSession received from the controller
[33mWARNING [0m juju.client.connection:connection.py:858 unexpected facade SSHTunneler received from the controller
[33mWARNING [0m juju.client.connection:connection.py:858 unexpected facade SSHServer received from the controller
[32mINFO    [0m integration.test_exporter_with_tls:test_exporter_with_tls.py:60 Deploying all the applications
[32mINFO    [0m juju.model:model.py:2284 Deploying ch:amd64/jammy/mysql-test-app-73
[32mINFO    [0m juju.model:model.py:2284 Deploying ch:amd64/jammy/grafana-agent-k8s-116
[32mINFO    [0m juju.model:model.py:2284 Deploying ch:amd64/jammy/mysql-k8s-257
[32mINFO    [0m juju.model:model.py:2284 Deploying local:mysql-router-k8s-0
[32mINFO    [0m integration.test_exporter_with_tls:test_exporter_with_tls.py:97 Waiting for mysqlrouter to be in BlockedStatus
[32mINFO    [0m integration.test_exporter_with_tls:test_exporter_with_tls.py:103 Relating mysql, mysqlrouter and application
[33mWARNING [0m juju.model:model.py:1666 relate is deprecated and will be removed. Use integrate instead.
[33mWARNING [0m juju.model:model.py:1666 relate is deprecated and will be removed. Use integrate instead.
[32mINFO    [0m juju.model:model.py:3211 Waiting for model:
  mysql-router-k8s/0 [idle] waiting: 
[32mINFO    [0m juju.model:model.py:3211 Waiting for model:
  mysql-router-k8s/0 [idle] waiting: 
[32mINFO    [0m juju.model:model.py:3211 Waiting for model:
  mysql-router-k8s/0 [idle] waiting: 
[32mINFO    [0m juju.model:model.py:3211 Waiting for model:
  mysql-router-k8s/0 [idle] waiting:
[32mINFO    [0m pytest_operator.plugin:plugin.py:862 Model status:

Model    Controller          Cloud/Region        Version  SLA          Timestamp
testing  concierge-microk8s  microk8s/localhost  3.6.7    unsupported  01:42:15Z

App                Version                  Status   Scale  Charm              Channel      Rev  Address         Exposed  Message
grafana-agent-k8s  0.40.4                   blocked      1  grafana-agent-k8s  1/stable     116  10.152.183.35   no       Missing incoming ('requires') relation: metrics-endpoint|logging-provider|tracing-provider|grafana-dashboards-consumer
mysql-k8s          8.0.41-0ubuntu0.22.04.1  active       1  mysql-k8s          8.0/edge     257  10.152.183.169  no       Primary
mysql-router-k8s   8.0.41-0ubuntu0.22.04.1  waiting      1  mysql-router-k8s                  0  10.152.183.233  no       Waiting for mysql-k8s app on backend-database endpoint
mysql-test-app     0.0.2                    waiting      1  mysql-test-app     latest/edge   73  10.152.183.202  no       

Unit                  Workload  Agent      Address     Ports  Message
grafana-agent-k8s/0*  blocked   idle       10.1.32.76         Missing incoming ('requires') relation: metrics-endpoint|logging-provider|tracing-provider|grafana-dashboards-consumer
mysql-k8s/0*          active    executing  10.1.32.78         Primary
mysql-router-k8s/0*   error     idle       10.1.32.75         hook failed: "backend-database-relation-changed"
mysql-test-app/0*     waiting   idle       10.1.32.73         

[32mINFO    [0m pytest_operator.plugin:plugin.py:868 Juju error logs:

unit-mysql-router-k8s-0: 01:42:14 ERROR unit.mysql-router-k8s/0.juju-log backend-database:8: Failed to run MySQL Shell script:
import json
import mysqlsh
import traceback

try:
    # Disable wizards in this script, since it will be invoked without --no-wizard
    shell.options.set('useWizards', False)
    session.run_sql("DROP USER IF EXISTS `relation-8_c6e98fe924f84a3-9`")

except mysqlsh.DBError as exception:
    error = {
        "message": str(exception),
        "code": exception.code,
        "traceback_message": "".join(traceback.format_exception(exception)),
    }
else:
    error = None
with open("/tmp/mysqlsh_error.json", "w") as file:
    json.dump(error, file)

stderr:
Cannot set LC_ALL to locale en_US.UTF-8: No such file or directory
MySQL Error 2003 (HY000): Can't connect to MySQL server on 'mysql-k8s-primary.testing.svc.cluster.local.:3306' (111)

Traceback (most recent call last):
  File "/var/lib/juju/agents/unit-mysql-router-k8s-0/charm/src/rock.py", line 250, in _run_command
    output, _ = process.wait_output()
  File "/var/lib/juju/agents/unit-mysql-router-k8s-0/charm/venv/lib/python3.10/site-packages/ops/pebble.py", line 1441, in wait_output
    raise ExecError[AnyStr](self._command, exit_code, out_value, err_value)
ops.pebble.ExecError: non-zero exit code 1 executing ['mysqlsh', '--passwords-from-stdin', '--uri', 'relation-8_c6e98fe924f84a3@mysql-k8s-primary.testing.svc.cluster.local.:3306', '--python', '--file', '/tmp/mysqlsh_script.py'], stdout="\x1b[1mPlease provide the password for 'relation-8_c6e98fe924f84a3@mysql-k8s-primary.testing.svc.cluster.local.:3306': \x1b[0m", stderr="Cannot set LC_ALL to locale en_US.UTF-8: No such file or directory\nMySQL Error 2003 (HY000): Can't connect to MySQL server on 'mysql-k8s-primary.testing.svc.cluster.local.:3306' (111)\n"

During handling of the above exception, another exception occurred:

Traceback (most recent call last):
  File "/var/lib/juju/agents/unit-mysql-router-k8s-0/charm/src/mysql_shell/__init__.py", line 74, in _run_code
    self._container.run_mysql_shell(
  File "/var/lib/juju/agents/unit-mysql-router-k8s-0/charm/lib/charms/tempo_coordinator_k8s/v0/charm_tracing.py", line 735, in wrapped_function
    return callable(*args, **kwargs)  # type: ignore
  File "/var/lib/juju/agents/unit-mysql-router-k8s-0/charm/src/container.py", line 212, in run_mysql_shell
    return self._run_command(args, timeout=timeout, input=input)
  File "/var/lib/juju/agents/unit-mysql-router-k8s-0/charm/lib/charms/tempo_coordinator_k8s/v0/charm_tracing.py", line 735, in wrapped_function
    return callable(*args, **kwargs)  # type: ignore
  File "/var/lib/juju/agents/unit-mysql-router-k8s-0/charm/src/rock.py", line 252, in _run_command
    raise container.CalledProcessError(
container.CalledProcessError: Command '['mysqlsh', '--passwords-from-stdin', '--uri', 'relation-8_c6e98fe924f84a3@mysql-k8s-primary.testing.svc.cluster.local.:3306', '--python', '--file', '/tmp/mysqlsh_script.py']' returned non-zero exit status 1.
unit-mysql-router-k8s-0: 01:42:14 ERROR unit.mysql-router-k8s/0.juju-log backend-database:8: Uncaught exception while in charm code:
Traceback (most recent call last):
  File "/var/lib/juju/agents/unit-mysql-router-k8s-0/charm/src/rock.py", line 250, in _run_command
    output, _ = process.wait_output()
  File "/var/lib/juju/agents/unit-mysql-router-k8s-0/charm/venv/lib/python3.10/site-packages/ops/pebble.py", line 1441, in wait_output
    raise ExecError[AnyStr](self._command, exit_code, out_value, err_value)
ops.pebble.ExecError: non-zero exit code 1 executing ['mysqlsh', '--passwords-from-stdin', '--uri', 'relation-8_c6e98fe924f84a3@mysql-k8s-primary.testing.svc.cluster.local.:3306', '--python', '--file', '/tmp/mysqlsh_script.py'], stdout="\x1b[1mPlease provide the password for 'relation-8_c6e98fe924f84a3@mysql-k8s-primary.testing.svc.cluster.local.:3306': \x1b[0m", stderr="Cannot set LC_ALL to locale en_US.UTF-8: No such file or directory\nMySQL Error 2003 (HY000): Can't connect to MySQL server on 'mysql-k8s-primary.testing.svc.cluster.local.:3306' (111)\n"

During handling of the above exception, another exception occurred:

Traceback (most recent call last):
  File "/var/lib/juju/agents/unit-mysql-router-k8s-0/charm/src/charm.py", line 448, in <module>
    ops.main.main(KubernetesRouterCharm)
  File "/var/lib/juju/agents/unit-mysql-router-k8s-0/charm/venv/lib/python3.10/site-packages/ops/main.py", line 436, in main
    _emit_charm_event(charm, dispatcher.event_name)
  File "/var/lib/juju/agents/unit-mysql-router-k8s-0/charm/venv/lib/python3.10/site-packages/ops/main.py", line 144, in _emit_charm_event
    event_to_emit.emit(*args, **kwargs)
  File "/var/lib/juju/agents/unit-mysql-router-k8s-0/charm/venv/lib/python3.10/site-packages/ops/framework.py", line 351, in emit
    framework._emit(event)
  File "/var/lib/juju/agents/unit-mysql-router-k8s-0/charm/venv/lib/python3.10/site-packages/ops/framework.py", line 853, in _emit
    self._reemit(event_path)
  File "/var/lib/juju/agents/unit-mysql-router-k8s-0/charm/venv/lib/python3.10/site-packages/ops/framework.py", line 942, in _reemit
    custom_handler(event)
  File "/var/lib/juju/agents/unit-mysql-router-k8s-0/charm/lib/charms/data_platform_libs/v0/data_interfaces.py", line 3141, in _on_relation_changed_event
    getattr(self.on, "database_created").emit(
  File "/var/lib/juju/agents/unit-mysql-router-k8s-0/charm/venv/lib/python3.10/site-packages/ops/framework.py", line 351, in emit
    framework._emit(event)
  File "/var/lib/juju/agents/unit-mysql-router-k8s-0/charm/venv/lib/python3.10/site-packages/ops/framework.py", line 853, in _emit
    self._reemit(event_path)
  File "/var/lib/juju/agents/unit-mysql-router-k8s-0/charm/venv/lib/python3.10/site-packages/ops/framework.py", line 942, in _reemit
    custom_handler(event)
  File "/var/lib/juju/agents/unit-mysql-router-k8s-0/charm/lib/charms/tempo_coordinator_k8s/v0/charm_tracing.py", line 735, in wrapped_function
    return callable(*args, **kwargs)  # type: ignore
  File "/var/lib/juju/agents/unit-mysql-router-k8s-0/charm/src/abstract_charm.py", line 344, in reconcile
    self._database_provides.reconcile_users(
  File "/var/lib/juju/agents/unit-mysql-router-k8s-0/charm/lib/charms/tempo_coordinator_k8s/v0/charm_tracing.py", line 735, in wrapped_function
    return callable(*args, **kwargs)  # type: ignore
  File "/var/lib/juju/agents/unit-mysql-router-k8s-0/charm/src/relations/database_provides.py", line 251, in reconcile_users
    relation.create_database_and_user(
  File "/var/lib/juju/agents/unit-mysql-router-k8s-0/charm/src/relations/database_provides.py", line 116, in create_database_and_user
    shell.delete_user(username, must_exist=False)
  File "/var/lib/juju/agents/unit-mysql-router-k8s-0/charm/src/mysql_shell/__init__.py", line 207, in delete_user
    self._run_sql([statement])
  File "/var/lib/juju/agents/unit-mysql-router-k8s-0/charm/src/mysql_shell/__init__.py", line 113, in _run_sql
    self._run_code(
  File "/var/lib/juju/agents/unit-mysql-router-k8s-0/charm/src/mysql_shell/__init__.py", line 74, in _run_code
    self._container.run_mysql_shell(
  File "/var/lib/juju/agents/unit-mysql-router-k8s-0/charm/lib/charms/tempo_coordinator_k8s/v0/charm_tracing.py", line 735, in wrapped_function
    return callable(*args, **kwargs)  # type: ignore
  File "/var/lib/juju/agents/unit-mysql-router-k8s-0/charm/src/container.py", line 212, in run_mysql_shell
    return self._run_command(args, timeout=timeout, input=input)
  File "/var/lib/juju/agents/unit-mysql-router-k8s-0/charm/lib/charms/tempo_coordinator_k8s/v0/charm_tracing.py", line 735, in wrapped_function
    return callable(*args, **kwargs)  # type: ignore
  File "/var/lib/juju/agents/unit-mysql-router-k8s-0/charm/src/rock.py", line 252, in _run_command
    raise container.CalledProcessError(
container.CalledProcessError: Command '['mysqlsh', '--passwords-from-stdin', '--uri', 'relation-8_c6e98fe924f84a3@mysql-k8s-primary.testing.svc.cluster.local.:3306', '--python', '--file', '/tmp/mysqlsh_script.py']' returned non-zero exit status 1.

[32mINFO    [0m pytest_operator.plugin:plugin.py:947 Forgetting model main...