[32mINFO    [0m pytest_operator.plugin:plugin.py:734 Connecting to existing model microk8s-localhost:test on unspecified cloud
[32mINFO    [0m integration.test_exporter_with_tls:test_exporter_with_tls.py:65 Deploying all the applications
[32mINFO    [0m juju.model:model.py:2097 Deploying ch:amd64/jammy/mysql-test-app-46
[32mINFO    [0m juju.model:model.py:2097 Deploying ch:amd64/jammy/mysql-k8s-160
[32mINFO    [0m juju.model:model.py:2097 Deploying ch:amd64/jammy/grafana-agent-k8s-45
[32mINFO    [0m juju.model:model.py:2097 Deploying local:jammy/mysql-router-k8s-0
[32mINFO    [0m integration.test_exporter_with_tls:test_exporter_with_tls.py:102 Waiting for mysqlrouter to be in BlockedStatus
[32mINFO    [0m integration.test_exporter_with_tls:test_exporter_with_tls.py:108 Relating mysql, mysqlrouter and application
[33mWARNING [0m juju.model:model.py:1563 relate is deprecated and will be removed. Use integrate instead.
[33mWARNING [0m juju.model:model.py:1563 relate is deprecated and will be removed. Use integrate instead.
[32mINFO    [0m juju.model:model.py:2971 Waiting for model:
  mysql-router-k8s/0 [executing] waiting: 
[32mINFO    [0m juju.model:model.py:2971 Waiting for model:
  mysql-router-k8s/0 [idle] waiting: 
[32mINFO    [0m juju.model:model.py:2971 Waiting for model:
  mysql-router-k8s/0 [idle] active: 
[32mINFO    [0m juju.model:model.py:2971 Waiting for model:
  mysql-k8s/0 [idle] active: Primary
  mysql-router-k8s/0 [idle] active: 
  mysql-test-app/0 [idle] active: 
[32mINFO    [0m integration.test_exporter_with_tls:test_exporter_with_tls.py:140 Deploying self-signed-certificates
[32mINFO    [0m juju.model:model.py:2097 Deploying ch:amd64/jammy/self-signed-certificates-155
[32mINFO    [0m juju.model:model.py:2971 Waiting for model:
  self-signed-certificates/0 [allocating] waiting: installing agent
[32mINFO    [0m juju.model:model.py:2971 Waiting for model:
  self-signed-certificates/0 [idle] active: 
[32mINFO    [0m integration.test_exporter_with_tls:test_exporter_with_tls.py:151 Relating mysqlrouter with self-signed-certificates
[33mWARNING [0m juju.model:model.py:1563 relate is deprecated and will be removed. Use integrate instead.
[32mINFO    [0m integration.test_exporter_with_tls:test_exporter_with_tls.py:174 Relating mysqlrouter with grafana agent
[33mWARNING [0m juju.model:model.py:1563 relate is deprecated and will be removed. Use integrate instead.
[33mWARNING [0m juju.model:model.py:1563 relate is deprecated and will be removed. Use integrate instead.
[33mWARNING [0m juju.model:model.py:1563 relate is deprecated and will be removed. Use integrate instead.
[32mINFO    [0m pytest_operator.plugin:plugin.py:862 Model status:

Model  Controller          Cloud/Region        Version  SLA          Timestamp
test   microk8s-localhost  microk8s/localhost  3.4.3    unsupported  01:46:14Z

App                       Version                  Status   Scale  Charm                     Channel        Rev  Address         Exposed  Message
grafana-agent-k8s         0.32.1                   waiting      1  grafana-agent-k8s         latest/stable   45  10.152.183.163  no       installing agent
mysql-k8s                 8.0.37-0ubuntu0.22.04.3  active       1  mysql-k8s                 8.0/edge       160  10.152.183.27   no       
mysql-router-k8s          8.0.37-0ubuntu0.22.04.3  active       1  mysql-router-k8s                           0  10.152.183.105  no       
mysql-test-app            0.0.2                    active       1  mysql-test-app            latest/edge     46  10.152.183.195  no       
self-signed-certificates                           active       1  self-signed-certificates  latest/stable  155  10.152.183.169  no       

Unit                         Workload  Agent  Address     Ports  Message
grafana-agent-k8s/0*         blocked   idle   10.1.77.13         grafana-cloud-config: off, grafana-dashboards-provider: off
mysql-k8s/0*                 active    idle   10.1.77.11         Primary
mysql-router-k8s/0*          active    idle   10.1.77.12         
mysql-test-app/0*            active    idle   10.1.77.8          
self-signed-certificates/0*  active    idle   10.1.77.14         

[32mINFO    [0m pytest_operator.plugin:plugin.py:868 Juju error logs:

unit-mysql-router-k8s-0: 01:43:19 ERROR unit.mysql-router-k8s/0.juju-log metrics-endpoint:13: Uncaught exception while in charm code:
Traceback (most recent call last):
  File "/var/lib/juju/agents/unit-mysql-router-k8s-0/charm/./src/kubernetes_charm.py", line 312, in <module>
    ops.main.main(KubernetesRouterCharm)
  File "/var/lib/juju/agents/unit-mysql-router-k8s-0/charm/venv/ops/main.py", line 436, in main
    _emit_charm_event(charm, dispatcher.event_name)
  File "/var/lib/juju/agents/unit-mysql-router-k8s-0/charm/venv/ops/main.py", line 144, in _emit_charm_event
    event_to_emit.emit(*args, **kwargs)
  File "/var/lib/juju/agents/unit-mysql-router-k8s-0/charm/venv/ops/framework.py", line 351, in emit
    framework._emit(event)
  File "/var/lib/juju/agents/unit-mysql-router-k8s-0/charm/venv/ops/framework.py", line 853, in _emit
    self._reemit(event_path)
  File "/var/lib/juju/agents/unit-mysql-router-k8s-0/charm/venv/ops/framework.py", line 942, in _reemit
    custom_handler(event)
  File "/var/lib/juju/agents/unit-mysql-router-k8s-0/charm/lib/charms/tempo_k8s/v1/charm_tracing.py", line 647, in wrapped_function
    return callable(*args, **kwargs)  # type: ignore
  File "/var/lib/juju/agents/unit-mysql-router-k8s-0/charm/src/abstract_charm.py", line 337, in reconcile
    workload_.reconcile(
  File "/var/lib/juju/agents/unit-mysql-router-k8s-0/charm/lib/charms/tempo_k8s/v1/charm_tracing.py", line 647, in wrapped_function
    return callable(*args, **kwargs)  # type: ignore
  File "/var/lib/juju/agents/unit-mysql-router-k8s-0/charm/src/workload.py", line 405, in reconcile
    self._enable_exporter(tls=tls, exporter_config=exporter_config)
  File "/var/lib/juju/agents/unit-mysql-router-k8s-0/charm/lib/charms/tempo_k8s/v1/charm_tracing.py", line 647, in wrapped_function
    return callable(*args, **kwargs)  # type: ignore
  File "/var/lib/juju/agents/unit-mysql-router-k8s-0/charm/src/workload.py", line 349, in _enable_exporter
    self._container.update_mysql_router_exporter_service(
  File "/var/lib/juju/agents/unit-mysql-router-k8s-0/charm/lib/charms/tempo_k8s/v1/charm_tracing.py", line 647, in wrapped_function
    return callable(*args, **kwargs)  # type: ignore
  File "/var/lib/juju/agents/unit-mysql-router-k8s-0/charm/src/rock.py", line 200, in update_mysql_router_exporter_service
    self._container.restart(self._EXPORTER_SERVICE_NAME)
  File "/var/lib/juju/agents/unit-mysql-router-k8s-0/charm/venv/ops/model.py", line 2119, in restart
    self._pebble.restart_services(service_names)
  File "/var/lib/juju/agents/unit-mysql-router-k8s-0/charm/venv/ops/pebble.py", line 1845, in restart_services
    return self._services_action('restart', services, timeout, delay)
  File "/var/lib/juju/agents/unit-mysql-router-k8s-0/charm/venv/ops/pebble.py", line 1866, in _services_action
    raise ChangeError(change.err, change)
ops.pebble.ChangeError: cannot perform the following tasks:
- Start service "mysql_router_exporter" (cannot start service: exited quickly with code 1)
----- Logs from task 0 -----
2024-07-09T01:43:19Z INFO Service "mysql_router_exporter" has never been started.
----- Logs from task 1 -----
2024-07-09T01:43:19Z INFO Most recent service output:
    2024/07/09 01:43:19 Start exporter on 0.0.0.0:49152/metrics
    2024/07/09 01:43:19 Server started
    2024/07/09 01:43:19 listen: listen tcp 0.0.0.0:49152: bind: address already in use
2024-07-09T01:43:19Z ERROR cannot start service: exited quickly with code 1
-----
unit-mysql-router-k8s-0: 01:43:20 ERROR juju.worker.uniter.operation hook "metrics-endpoint-relation-created" (via hook dispatching script: dispatch) failed: exit status 1
unit-mysql-router-k8s-0: 01:43:33 ERROR unit.mysql-router-k8s/0.juju-log certificates:10: Uncaught exception while in charm code:
Traceback (most recent call last):
  File "/var/lib/juju/agents/unit-mysql-router-k8s-0/charm/./src/kubernetes_charm.py", line 312, in <module>
    ops.main.main(KubernetesRouterCharm)
  File "/var/lib/juju/agents/unit-mysql-router-k8s-0/charm/venv/ops/main.py", line 436, in main
    _emit_charm_event(charm, dispatcher.event_name)
  File "/var/lib/juju/agents/unit-mysql-router-k8s-0/charm/venv/ops/main.py", line 144, in _emit_charm_event
    event_to_emit.emit(*args, **kwargs)
  File "/var/lib/juju/agents/unit-mysql-router-k8s-0/charm/venv/ops/framework.py", line 351, in emit
    framework._emit(event)
  File "/var/lib/juju/agents/unit-mysql-router-k8s-0/charm/venv/ops/framework.py", line 853, in _emit
    self._reemit(event_path)
  File "/var/lib/juju/agents/unit-mysql-router-k8s-0/charm/venv/ops/framework.py", line 942, in _reemit
    custom_handler(event)
  File "/var/lib/juju/agents/unit-mysql-router-k8s-0/charm/lib/charms/tls_certificates_interface/v1/tls_certificates.py", line 1309, in _on_relation_changed
    self.on.certificate_available.emit(
  File "/var/lib/juju/agents/unit-mysql-router-k8s-0/charm/venv/ops/framework.py", line 351, in emit
    framework._emit(event)
  File "/var/lib/juju/agents/unit-mysql-router-k8s-0/charm/venv/ops/framework.py", line 853, in _emit
    self._reemit(event_path)
  File "/var/lib/juju/agents/unit-mysql-router-k8s-0/charm/venv/ops/framework.py", line 942, in _reemit
    custom_handler(event)
  File "/var/lib/juju/agents/unit-mysql-router-k8s-0/charm/lib/charms/tempo_k8s/v1/charm_tracing.py", line 647, in wrapped_function
    return callable(*args, **kwargs)  # type: ignore
  File "/var/lib/juju/agents/unit-mysql-router-k8s-0/charm/src/relations/tls.py", line 289, in _on_certificate_available
    self._relation.save_certificate(event)
  File "/var/lib/juju/agents/unit-mysql-router-k8s-0/charm/src/relations/tls.py", line 111, in save_certificate
    self._charm.reconcile(event=None)
  File "/var/lib/juju/agents/unit-mysql-router-k8s-0/charm/lib/charms/tempo_k8s/v1/charm_tracing.py", line 647, in wrapped_function
    return callable(*args, **kwargs)  # type: ignore
  File "/var/lib/juju/agents/unit-mysql-router-k8s-0/charm/src/abstract_charm.py", line 337, in reconcile
    workload_.reconcile(
  File "/var/lib/juju/agents/unit-mysql-router-k8s-0/charm/lib/charms/tempo_k8s/v1/charm_tracing.py", line 647, in wrapped_function
    return callable(*args, **kwargs)  # type: ignore
  File "/var/lib/juju/agents/unit-mysql-router-k8s-0/charm/src/workload.py", line 405, in reconcile
    self._enable_exporter(tls=tls, exporter_config=exporter_config)
  File "/var/lib/juju/agents/unit-mysql-router-k8s-0/charm/lib/charms/tempo_k8s/v1/charm_tracing.py", line 647, in wrapped_function
    return callable(*args, **kwargs)  # type: ignore
  File "/var/lib/juju/agents/unit-mysql-router-k8s-0/charm/src/workload.py", line 349, in _enable_exporter
    self._container.update_mysql_router_exporter_service(
  File "/var/lib/juju/agents/unit-mysql-router-k8s-0/charm/lib/charms/tempo_k8s/v1/charm_tracing.py", line 647, in wrapped_function
    return callable(*args, **kwargs)  # type: ignore
  File "/var/lib/juju/agents/unit-mysql-router-k8s-0/charm/src/rock.py", line 200, in update_mysql_router_exporter_service
    self._container.restart(self._EXPORTER_SERVICE_NAME)
  File "/var/lib/juju/agents/unit-mysql-router-k8s-0/charm/venv/ops/model.py", line 2119, in restart
    self._pebble.restart_services(service_names)
  File "/var/lib/juju/agents/unit-mysql-router-k8s-0/charm/venv/ops/pebble.py", line 1845, in restart_services
    return self._services_action('restart', services, timeout, delay)
  File "/var/lib/juju/agents/unit-mysql-router-k8s-0/charm/venv/ops/pebble.py", line 1866, in _services_action
    raise ChangeError(change.err, change)
ops.pebble.ChangeError: cannot perform the following tasks:
- Start service "mysql_router_exporter" (cannot start service: exited quickly with code 1)
----- Logs from task 0 -----
2024-07-09T01:43:33Z INFO Service "mysql_router_exporter" has never been started.
----- Logs from task 1 -----
2024-07-09T01:43:33Z INFO Most recent service output:
    2024/07/09 01:43:33 Start exporter on 0.0.0.0:49152/metrics
    2024/07/09 01:43:33 Server started
    2024/07/09 01:43:33 listen: listen tcp 0.0.0.0:49152: bind: address already in use
2024-07-09T01:43:33Z ERROR cannot start service: exited quickly with code 1
-----
unit-mysql-router-k8s-0: 01:43:33 ERROR juju.worker.uniter.operation hook "certificates-relation-changed" (via hook dispatching script: dispatch) failed: exit status 1

[32mINFO    [0m pytest_operator.plugin:plugin.py:947 Forgetting model main...