[32mINFO    [0m pytest_operator.plugin:plugin.py:734 Connecting to existing model microk8s-localhost:test on unspecified cloud
[32mINFO    [0m integration.test_log_rotation:test_log_rotation.py:49 Deploying mysql, mysqlrouter and application
[32mINFO    [0m juju.model:model.py:2097 Deploying ch:amd64/jammy/mysql-test-app-46
[32mINFO    [0m juju.model:model.py:2097 Deploying ch:amd64/jammy/mysql-k8s-162
[32mINFO    [0m juju.model:model.py:2097 Deploying local:jammy/mysql-router-k8s-0
[32mINFO    [0m integration.test_log_rotation:test_log_rotation.py:80 Waiting for mysqlrouter to be in BlockedStatus
[32mINFO    [0m integration.test_log_rotation:test_log_rotation.py:86 Relating mysql, mysqlrouter and application
[33mWARNING [0m juju.model:model.py:1563 relate is deprecated and will be removed. Use integrate instead.
[33mWARNING [0m juju.model:model.py:1563 relate is deprecated and will be removed. Use integrate instead.
[32mINFO    [0m pytest_operator.plugin:plugin.py:862 Model status:

Model  Controller          Cloud/Region        Version  SLA          Timestamp
test   microk8s-localhost  microk8s/localhost  3.4.3    unsupported  02:46:11Z

App               Version                  Status   Scale  Charm             Channel      Rev  Address         Exposed  Message
mysql-k8s         8.0.37-0ubuntu0.22.04.3  waiting      3  mysql-k8s         8.0/edge     162  10.152.183.123  no       installing agent
mysql-router-k8s  8.0.37-0ubuntu0.22.04.3  waiting      1  mysql-router-k8s                 0  10.152.183.69   no       installing agent
mysql-test-app    0.0.2                    waiting      1  mysql-test-app    latest/edge   46  10.152.183.169  no       installing agent

Unit                 Workload     Agent      Address      Ports  Message
mysql-k8s/0          active       executing  10.1.139.77         
mysql-k8s/1*         maintenance  executing  10.1.139.79         Unable to get member state
mysql-k8s/2          waiting      executing  10.1.139.78         waiting to get cluster primary from peers
mysql-router-k8s/0*  waiting      executing  10.1.139.76         
mysql-test-app/0*    waiting      idle       10.1.139.72         

[32mINFO    [0m pytest_operator.plugin:plugin.py:868 Juju error logs:

unit-mysql-k8s-0: 02:32:49 ERROR unit.mysql-k8s/0.juju-log database-peers:1: Failed to get cluster status for cluster-48a88d1cf642b0ca0de8b7cff269eb01
unit-mysql-k8s-0: 02:32:49 ERROR unit.mysql-k8s/0.juju-log database-peers:1: Failed to get cluster endpoints
Traceback (most recent call last):
  File "/var/lib/juju/agents/unit-mysql-k8s-0/charm/src/mysql_k8s_helpers.py", line 781, in update_endpoints
    rw_endpoints, ro_endpoints, offline = self.get_cluster_endpoints(get_ips=False)
  File "/var/lib/juju/agents/unit-mysql-k8s-0/charm/lib/charms/tempo_k8s/v1/charm_tracing.py", line 647, in wrapped_function
    return callable(*args, **kwargs)  # type: ignore
  File "/var/lib/juju/agents/unit-mysql-k8s-0/charm/lib/charms/mysql/v0/mysql.py", line 1744, in get_cluster_endpoints
    raise MySQLGetClusterEndpointsError("Failed to get endpoints from cluster status")
charms.mysql.v0.mysql.MySQLGetClusterEndpointsError: Failed to get endpoints from cluster status
unit-mysql-router-k8s-0: 02:33:03 ERROR unit.mysql-router-k8s/0.juju-log backend-database:7: Uncaught exception while in charm code:
Traceback (most recent call last):
  File "/var/lib/juju/agents/unit-mysql-router-k8s-0/charm/./src/kubernetes_charm.py", line 312, in <module>
    ops.main.main(KubernetesRouterCharm)
  File "/var/lib/juju/agents/unit-mysql-router-k8s-0/charm/venv/ops/main.py", line 436, in main
    _emit_charm_event(charm, dispatcher.event_name)
  File "/var/lib/juju/agents/unit-mysql-router-k8s-0/charm/venv/ops/main.py", line 144, in _emit_charm_event
    event_to_emit.emit(*args, **kwargs)
  File "/var/lib/juju/agents/unit-mysql-router-k8s-0/charm/venv/ops/framework.py", line 351, in emit
    framework._emit(event)
  File "/var/lib/juju/agents/unit-mysql-router-k8s-0/charm/venv/ops/framework.py", line 853, in _emit
    self._reemit(event_path)
  File "/var/lib/juju/agents/unit-mysql-router-k8s-0/charm/venv/ops/framework.py", line 942, in _reemit
    custom_handler(event)
  File "/var/lib/juju/agents/unit-mysql-router-k8s-0/charm/lib/charms/data_platform_libs/v0/data_interfaces.py", line 2883, in _on_relation_changed_event
    getattr(self.on, "database_created").emit(
  File "/var/lib/juju/agents/unit-mysql-router-k8s-0/charm/venv/ops/framework.py", line 351, in emit
    framework._emit(event)
  File "/var/lib/juju/agents/unit-mysql-router-k8s-0/charm/venv/ops/framework.py", line 853, in _emit
    self._reemit(event_path)
  File "/var/lib/juju/agents/unit-mysql-router-k8s-0/charm/venv/ops/framework.py", line 942, in _reemit
    custom_handler(event)
  File "/var/lib/juju/agents/unit-mysql-router-k8s-0/charm/lib/charms/tempo_k8s/v1/charm_tracing.py", line 647, in wrapped_function
    return callable(*args, **kwargs)  # type: ignore
  File "/var/lib/juju/agents/unit-mysql-router-k8s-0/charm/src/abstract_charm.py", line 337, in reconcile
    workload_.reconcile(
  File "/var/lib/juju/agents/unit-mysql-router-k8s-0/charm/lib/charms/tempo_k8s/v1/charm_tracing.py", line 647, in wrapped_function
    return callable(*args, **kwargs)  # type: ignore
  File "/var/lib/juju/agents/unit-mysql-router-k8s-0/charm/src/workload.py", line 399, in reconcile
    self._enable_router(event=event, tls=tls, unit_name=unit_name)
  File "/var/lib/juju/agents/unit-mysql-router-k8s-0/charm/lib/charms/tempo_k8s/v1/charm_tracing.py", line 647, in wrapped_function
    return callable(*args, **kwargs)  # type: ignore
  File "/var/lib/juju/agents/unit-mysql-router-k8s-0/charm/src/workload.py", line 334, in _enable_router
    self._bootstrap_router(event=event, tls=tls)
  File "/var/lib/juju/agents/unit-mysql-router-k8s-0/charm/lib/charms/tempo_k8s/v1/charm_tracing.py", line 647, in wrapped_function
    return callable(*args, **kwargs)  # type: ignore
  File "/var/lib/juju/agents/unit-mysql-router-k8s-0/charm/src/workload.py", line 269, in _bootstrap_router
    self._container.run_mysql_router(command, timeout=30)
  File "/var/lib/juju/agents/unit-mysql-router-k8s-0/charm/lib/charms/tempo_k8s/v1/charm_tracing.py", line 647, in wrapped_function
    return callable(*args, **kwargs)  # type: ignore
  File "/var/lib/juju/agents/unit-mysql-router-k8s-0/charm/src/container.py", line 196, in run_mysql_router
    return self._run_command(args, timeout=timeout)
  File "/var/lib/juju/agents/unit-mysql-router-k8s-0/charm/lib/charms/tempo_k8s/v1/charm_tracing.py", line 647, in wrapped_function
    return callable(*args, **kwargs)  # type: ignore
  File "/var/lib/juju/agents/unit-mysql-router-k8s-0/charm/src/rock.py", line 249, in _run_command
    output, _ = process.wait_output()
  File "/var/lib/juju/agents/unit-mysql-router-k8s-0/charm/venv/ops/pebble.py", line 1436, in wait_output
    exit_code: int = self._wait()
  File "/var/lib/juju/agents/unit-mysql-router-k8s-0/charm/venv/ops/pebble.py", line 1397, in _wait
    raise ChangeError(change.err, change)
ops.pebble.ChangeError: cannot perform the following tasks:
- exec command "mysqlrouter" (timed out after 30s: context deadline exceeded)
----- Logs from task 0 -----
2024-07-19T02:33:03Z ERROR timed out after 30s: context deadline exceeded
-----
unit-mysql-router-k8s-0: 02:33:03 ERROR juju.worker.uniter.operation hook "backend-database-relation-changed" (via hook dispatching script: dispatch) failed: exit status 1
unit-mysql-k8s-2: 02:33:14 ERROR unit.mysql-k8s/2.juju-log Failed to get locks count
Traceback (most recent call last):
  File "/var/lib/juju/agents/unit-mysql-k8s-2/charm/src/mysql_k8s_helpers.py", line 611, in _run_mysqlsh_script
    stdout, _ = process.wait_output()
  File "/var/lib/juju/agents/unit-mysql-k8s-2/charm/venv/ops/pebble.py", line 1635, in wait_output
    raise ExecError[AnyStr](self._command, exit_code, out_value, err_value)
ops.pebble.ExecError: non-zero exit code 1 executing ['/usr/bin/mysqlsh', '--no-wizard', '--python', '--verbose=1', '-f', '/tmp/script.py', ';', 'rm', '/tmp/script.py'], stdout='', stderr='Cannot set LC_ALL to locale en_US.UTF-8: No such file or directory\nverbose: 2024-07-19T02:32:33Z: Loading startup files...\nverbose: 2024-07-19T02:32:33Z: Loading plugins...\nverbose: 2024-07-19T02:32:34Z: Connecting to MySQL at: serverconfig@10-1-139-79.mysql-k8s-primary.test.svc.cluster.local\nTraceback (most recent call last):\n  File "<string>", line 1, in <module>\nValueError: Shell.connect: X protocol error: MySQL server has gone away\nClassic protocol error: MySQL Error 2013 (HY000): Lost connection to MySQL server at \'waiting for initial communication packet\', system error: 110\n\n'

During handling of the above exception, another exception occurred:

Traceback (most recent call last):
  File "/var/lib/juju/agents/unit-mysql-k8s-2/charm/lib/charms/mysql/v0/mysql.py", line 1585, in are_locks_acquired
    output = self._run_mysqlsh_script("\n".join(commands))
  File "/var/lib/juju/agents/unit-mysql-k8s-2/charm/lib/charms/tempo_k8s/v1/charm_tracing.py", line 647, in wrapped_function
    return callable(*args, **kwargs)  # type: ignore
  File "/var/lib/juju/agents/unit-mysql-k8s-2/charm/src/mysql_k8s_helpers.py", line 614, in _run_mysqlsh_script
    raise MySQLClientError(e.stderr)
charms.mysql.v0.mysql.MySQLClientError: Cannot set LC_ALL to locale en_US.UTF-8: No such file or directory
verbose: 2024-07-19T02:32:33Z: Loading startup files...
verbose: 2024-07-19T02:32:33Z: Loading plugins...
verbose: 2024-07-19T02:32:34Z: Connecting to MySQL at: serverconfig@10-1-139-79.mysql-k8s-primary.test.svc.cluster.local
Traceback (most recent call last):
  File "<string>", line 1, in <module>
ValueError: Shell.connect: X protocol error: MySQL server has gone away
Classic protocol error: MySQL Error 2013 (HY000): Lost connection to MySQL server at 'waiting for initial communication packet', system error: 110


unit-mysql-k8s-0: 02:33:49 ERROR unit.mysql-k8s/0.juju-log database-peers:1: Failed to get cluster status for cluster-48a88d1cf642b0ca0de8b7cff269eb01
unit-mysql-k8s-0: 02:33:49 ERROR unit.mysql-k8s/0.juju-log database-peers:1: Failed to get cluster endpoints
Traceback (most recent call last):
  File "/var/lib/juju/agents/unit-mysql-k8s-0/charm/src/mysql_k8s_helpers.py", line 781, in update_endpoints
    rw_endpoints, ro_endpoints, offline = self.get_cluster_endpoints(get_ips=False)
  File "/var/lib/juju/agents/unit-mysql-k8s-0/charm/lib/charms/tempo_k8s/v1/charm_tracing.py", line 647, in wrapped_function
    return callable(*args, **kwargs)  # type: ignore
  File "/var/lib/juju/agents/unit-mysql-k8s-0/charm/lib/charms/mysql/v0/mysql.py", line 1744, in get_cluster_endpoints
    raise MySQLGetClusterEndpointsError("Failed to get endpoints from cluster status")
charms.mysql.v0.mysql.MySQLGetClusterEndpointsError: Failed to get endpoints from cluster status
unit-mysql-k8s-0: 02:34:07 ERROR unit.mysql-k8s/0.juju-log database-peers:1: Failed to get cluster status for cluster-48a88d1cf642b0ca0de8b7cff269eb01
unit-mysql-k8s-0: 02:34:07 ERROR unit.mysql-k8s/0.juju-log database-peers:1: Failed to get cluster endpoints
Traceback (most recent call last):
  File "/var/lib/juju/agents/unit-mysql-k8s-0/charm/src/mysql_k8s_helpers.py", line 781, in update_endpoints
    rw_endpoints, ro_endpoints, offline = self.get_cluster_endpoints(get_ips=False)
  File "/var/lib/juju/agents/unit-mysql-k8s-0/charm/lib/charms/tempo_k8s/v1/charm_tracing.py", line 647, in wrapped_function
    return callable(*args, **kwargs)  # type: ignore
  File "/var/lib/juju/agents/unit-mysql-k8s-0/charm/lib/charms/mysql/v0/mysql.py", line 1744, in get_cluster_endpoints
    raise MySQLGetClusterEndpointsError("Failed to get endpoints from cluster status")
charms.mysql.v0.mysql.MySQLGetClusterEndpointsError: Failed to get endpoints from cluster status
unit-mysql-k8s-0: 02:34:25 ERROR unit.mysql-k8s/0.juju-log Failed to get cluster status for cluster-48a88d1cf642b0ca0de8b7cff269eb01
unit-mysql-k8s-0: 02:34:25 ERROR unit.mysql-k8s/0.juju-log Failed to get cluster endpoints
Traceback (most recent call last):
  File "/var/lib/juju/agents/unit-mysql-k8s-0/charm/src/mysql_k8s_helpers.py", line 781, in update_endpoints
    rw_endpoints, ro_endpoints, offline = self.get_cluster_endpoints(get_ips=False)
  File "/var/lib/juju/agents/unit-mysql-k8s-0/charm/lib/charms/tempo_k8s/v1/charm_tracing.py", line 647, in wrapped_function
    return callable(*args, **kwargs)  # type: ignore
  File "/var/lib/juju/agents/unit-mysql-k8s-0/charm/lib/charms/mysql/v0/mysql.py", line 1744, in get_cluster_endpoints
    raise MySQLGetClusterEndpointsError("Failed to get endpoints from cluster status")
charms.mysql.v0.mysql.MySQLGetClusterEndpointsError: Failed to get endpoints from cluster status
unit-mysql-k8s-0: 02:35:35 ERROR unit.mysql-k8s/0.juju-log Failed to get cluster status for cluster-48a88d1cf642b0ca0de8b7cff269eb01
unit-mysql-k8s-0: 02:35:35 ERROR unit.mysql-k8s/0.juju-log Failed to get cluster endpoints
Traceback (most recent call last):
  File "/var/lib/juju/agents/unit-mysql-k8s-0/charm/src/mysql_k8s_helpers.py", line 781, in update_endpoints
    rw_endpoints, ro_endpoints, offline = self.get_cluster_endpoints(get_ips=False)
  File "/var/lib/juju/agents/unit-mysql-k8s-0/charm/lib/charms/tempo_k8s/v1/charm_tracing.py", line 647, in wrapped_function
    return callable(*args, **kwargs)  # type: ignore
  File "/var/lib/juju/agents/unit-mysql-k8s-0/charm/lib/charms/mysql/v0/mysql.py", line 1744, in get_cluster_endpoints
    raise MySQLGetClusterEndpointsError("Failed to get endpoints from cluster status")
charms.mysql.v0.mysql.MySQLGetClusterEndpointsError: Failed to get endpoints from cluster status
unit-mysql-k8s-0: 02:35:54 ERROR unit.mysql-k8s/0.juju-log Failed to get cluster status for cluster-48a88d1cf642b0ca0de8b7cff269eb01
unit-mysql-k8s-0: 02:35:54 ERROR unit.mysql-k8s/0.juju-log Failed to get cluster endpoints
Traceback (most recent call last):
  File "/var/lib/juju/agents/unit-mysql-k8s-0/charm/src/mysql_k8s_helpers.py", line 781, in update_endpoints
    rw_endpoints, ro_endpoints, offline = self.get_cluster_endpoints(get_ips=False)
  File "/var/lib/juju/agents/unit-mysql-k8s-0/charm/lib/charms/tempo_k8s/v1/charm_tracing.py", line 647, in wrapped_function
    return callable(*args, **kwargs)  # type: ignore
  File "/var/lib/juju/agents/unit-mysql-k8s-0/charm/lib/charms/mysql/v0/mysql.py", line 1744, in get_cluster_endpoints
    raise MySQLGetClusterEndpointsError("Failed to get endpoints from cluster status")
charms.mysql.v0.mysql.MySQLGetClusterEndpointsError: Failed to get endpoints from cluster status
unit-mysql-k8s-0: 02:37:31 ERROR unit.mysql-k8s/0.juju-log Failed to get cluster status for cluster-48a88d1cf642b0ca0de8b7cff269eb01
unit-mysql-k8s-0: 02:37:31 ERROR unit.mysql-k8s/0.juju-log Failed to get cluster endpoints
Traceback (most recent call last):
  File "/var/lib/juju/agents/unit-mysql-k8s-0/charm/src/mysql_k8s_helpers.py", line 781, in update_endpoints
    rw_endpoints, ro_endpoints, offline = self.get_cluster_endpoints(get_ips=False)
  File "/var/lib/juju/agents/unit-mysql-k8s-0/charm/lib/charms/tempo_k8s/v1/charm_tracing.py", line 647, in wrapped_function
    return callable(*args, **kwargs)  # type: ignore
  File "/var/lib/juju/agents/unit-mysql-k8s-0/charm/lib/charms/mysql/v0/mysql.py", line 1744, in get_cluster_endpoints
    raise MySQLGetClusterEndpointsError("Failed to get endpoints from cluster status")
charms.mysql.v0.mysql.MySQLGetClusterEndpointsError: Failed to get endpoints from cluster status
unit-mysql-k8s-0: 02:37:50 ERROR unit.mysql-k8s/0.juju-log Failed to get cluster status for cluster-48a88d1cf642b0ca0de8b7cff269eb01
unit-mysql-k8s-0: 02:37:50 ERROR unit.mysql-k8s/0.juju-log Failed to get cluster endpoints
Traceback (most recent call last):
  File "/var/lib/juju/agents/unit-mysql-k8s-0/charm/src/mysql_k8s_helpers.py", line 781, in update_endpoints
    rw_endpoints, ro_endpoints, offline = self.get_cluster_endpoints(get_ips=False)
  File "/var/lib/juju/agents/unit-mysql-k8s-0/charm/lib/charms/tempo_k8s/v1/charm_tracing.py", line 647, in wrapped_function
    return callable(*args, **kwargs)  # type: ignore
  File "/var/lib/juju/agents/unit-mysql-k8s-0/charm/lib/charms/mysql/v0/mysql.py", line 1744, in get_cluster_endpoints
    raise MySQLGetClusterEndpointsError("Failed to get endpoints from cluster status")
charms.mysql.v0.mysql.MySQLGetClusterEndpointsError: Failed to get endpoints from cluster status
unit-mysql-k8s-0: 02:39:28 ERROR unit.mysql-k8s/0.juju-log Failed to get cluster status for cluster-48a88d1cf642b0ca0de8b7cff269eb01
unit-mysql-k8s-0: 02:39:28 ERROR unit.mysql-k8s/0.juju-log Failed to get cluster endpoints
Traceback (most recent call last):
  File "/var/lib/juju/agents/unit-mysql-k8s-0/charm/src/mysql_k8s_helpers.py", line 781, in update_endpoints
    rw_endpoints, ro_endpoints, offline = self.get_cluster_endpoints(get_ips=False)
  File "/var/lib/juju/agents/unit-mysql-k8s-0/charm/lib/charms/tempo_k8s/v1/charm_tracing.py", line 647, in wrapped_function
    return callable(*args, **kwargs)  # type: ignore
  File "/var/lib/juju/agents/unit-mysql-k8s-0/charm/lib/charms/mysql/v0/mysql.py", line 1744, in get_cluster_endpoints
    raise MySQLGetClusterEndpointsError("Failed to get endpoints from cluster status")
charms.mysql.v0.mysql.MySQLGetClusterEndpointsError: Failed to get endpoints from cluster status
unit-mysql-k8s-0: 02:39:47 ERROR unit.mysql-k8s/0.juju-log Failed to get cluster status for cluster-48a88d1cf642b0ca0de8b7cff269eb01
unit-mysql-k8s-0: 02:39:47 ERROR unit.mysql-k8s/0.juju-log Failed to get cluster endpoints
Traceback (most recent call last):
  File "/var/lib/juju/agents/unit-mysql-k8s-0/charm/src/mysql_k8s_helpers.py", line 781, in update_endpoints
    rw_endpoints, ro_endpoints, offline = self.get_cluster_endpoints(get_ips=False)
  File "/var/lib/juju/agents/unit-mysql-k8s-0/charm/lib/charms/tempo_k8s/v1/charm_tracing.py", line 647, in wrapped_function
    return callable(*args, **kwargs)  # type: ignore
  File "/var/lib/juju/agents/unit-mysql-k8s-0/charm/lib/charms/mysql/v0/mysql.py", line 1744, in get_cluster_endpoints
    raise MySQLGetClusterEndpointsError("Failed to get endpoints from cluster status")
charms.mysql.v0.mysql.MySQLGetClusterEndpointsError: Failed to get endpoints from cluster status
unit-mysql-k8s-0: 02:41:25 ERROR unit.mysql-k8s/0.juju-log Failed to get cluster status for cluster-48a88d1cf642b0ca0de8b7cff269eb01
unit-mysql-k8s-0: 02:41:25 ERROR unit.mysql-k8s/0.juju-log Failed to get cluster endpoints
Traceback (most recent call last):
  File "/var/lib/juju/agents/unit-mysql-k8s-0/charm/src/mysql_k8s_helpers.py", line 781, in update_endpoints
    rw_endpoints, ro_endpoints, offline = self.get_cluster_endpoints(get_ips=False)
  File "/var/lib/juju/agents/unit-mysql-k8s-0/charm/lib/charms/tempo_k8s/v1/charm_tracing.py", line 647, in wrapped_function
    return callable(*args, **kwargs)  # type: ignore
  File "/var/lib/juju/agents/unit-mysql-k8s-0/charm/lib/charms/mysql/v0/mysql.py", line 1744, in get_cluster_endpoints
    raise MySQLGetClusterEndpointsError("Failed to get endpoints from cluster status")
charms.mysql.v0.mysql.MySQLGetClusterEndpointsError: Failed to get endpoints from cluster status
unit-mysql-k8s-1: 02:42:59 ERROR unit.mysql-k8s/1.juju-log Failed to get member state: mysqld daemon is down
unit-mysql-k8s-0: 02:43:05 ERROR unit.mysql-k8s/0.juju-log Failed to get cluster status for cluster-48a88d1cf642b0ca0de8b7cff269eb01
unit-mysql-k8s-0: 02:43:05 ERROR unit.mysql-k8s/0.juju-log Failed to get cluster endpoints
Traceback (most recent call last):
  File "/var/lib/juju/agents/unit-mysql-k8s-0/charm/src/mysql_k8s_helpers.py", line 781, in update_endpoints
    rw_endpoints, ro_endpoints, offline = self.get_cluster_endpoints(get_ips=False)
  File "/var/lib/juju/agents/unit-mysql-k8s-0/charm/lib/charms/tempo_k8s/v1/charm_tracing.py", line 647, in wrapped_function
    return callable(*args, **kwargs)  # type: ignore
  File "/var/lib/juju/agents/unit-mysql-k8s-0/charm/lib/charms/mysql/v0/mysql.py", line 1744, in get_cluster_endpoints
    raise MySQLGetClusterEndpointsError("Failed to get endpoints from cluster status")
charms.mysql.v0.mysql.MySQLGetClusterEndpointsError: Failed to get endpoints from cluster status
unit-mysql-k8s-1: 02:43:19 ERROR unit.mysql-k8s/1.juju-log Failed to get member state: mysqld daemon is down
unit-mysql-k8s-1: 02:43:39 ERROR unit.mysql-k8s/1.juju-log Failed to get member state: mysqld daemon is down
unit-mysql-k8s-1: 02:43:39 ERROR unit.mysql-k8s/1.juju-log Error getting member state. Avoiding potential cluster crash recovery
unit-mysql-k8s-0: 02:44:44 ERROR unit.mysql-k8s/0.juju-log Failed to get cluster status for cluster-48a88d1cf642b0ca0de8b7cff269eb01
unit-mysql-k8s-0: 02:44:44 ERROR unit.mysql-k8s/0.juju-log Failed to get cluster endpoints
Traceback (most recent call last):
  File "/var/lib/juju/agents/unit-mysql-k8s-0/charm/src/mysql_k8s_helpers.py", line 781, in update_endpoints
    rw_endpoints, ro_endpoints, offline = self.get_cluster_endpoints(get_ips=False)
  File "/var/lib/juju/agents/unit-mysql-k8s-0/charm/lib/charms/tempo_k8s/v1/charm_tracing.py", line 647, in wrapped_function
    return callable(*args, **kwargs)  # type: ignore
  File "/var/lib/juju/agents/unit-mysql-k8s-0/charm/lib/charms/mysql/v0/mysql.py", line 1744, in get_cluster_endpoints
    raise MySQLGetClusterEndpointsError("Failed to get endpoints from cluster status")
charms.mysql.v0.mysql.MySQLGetClusterEndpointsError: Failed to get endpoints from cluster status
unit-mysql-k8s-0: 02:45:03 ERROR unit.mysql-k8s/0.juju-log Failed to get cluster status for cluster-48a88d1cf642b0ca0de8b7cff269eb01
unit-mysql-k8s-0: 02:45:03 ERROR unit.mysql-k8s/0.juju-log Failed to get cluster endpoints
Traceback (most recent call last):
  File "/var/lib/juju/agents/unit-mysql-k8s-0/charm/src/mysql_k8s_helpers.py", line 781, in update_endpoints
    rw_endpoints, ro_endpoints, offline = self.get_cluster_endpoints(get_ips=False)
  File "/var/lib/juju/agents/unit-mysql-k8s-0/charm/lib/charms/tempo_k8s/v1/charm_tracing.py", line 647, in wrapped_function
    return callable(*args, **kwargs)  # type: ignore
  File "/var/lib/juju/agents/unit-mysql-k8s-0/charm/lib/charms/mysql/v0/mysql.py", line 1744, in get_cluster_endpoints
    raise MySQLGetClusterEndpointsError("Failed to get endpoints from cluster status")
charms.mysql.v0.mysql.MySQLGetClusterEndpointsError: Failed to get endpoints from cluster status
unit-mysql-k8s-0: 02:45:22 ERROR unit.mysql-k8s/0.juju-log Failed to get cluster status for cluster-48a88d1cf642b0ca0de8b7cff269eb01
unit-mysql-k8s-0: 02:45:22 ERROR unit.mysql-k8s/0.juju-log Failed to get cluster endpoints
Traceback (most recent call last):
  File "/var/lib/juju/agents/unit-mysql-k8s-0/charm/src/mysql_k8s_helpers.py", line 781, in update_endpoints
    rw_endpoints, ro_endpoints, offline = self.get_cluster_endpoints(get_ips=False)
  File "/var/lib/juju/agents/unit-mysql-k8s-0/charm/lib/charms/tempo_k8s/v1/charm_tracing.py", line 647, in wrapped_function
    return callable(*args, **kwargs)  # type: ignore
  File "/var/lib/juju/agents/unit-mysql-k8s-0/charm/lib/charms/mysql/v0/mysql.py", line 1744, in get_cluster_endpoints
    raise MySQLGetClusterEndpointsError("Failed to get endpoints from cluster status")
charms.mysql.v0.mysql.MySQLGetClusterEndpointsError: Failed to get endpoints from cluster status
unit-mysql-k8s-1: 02:45:52 ERROR unit.mysql-k8s/1.juju-log Failed to get member state: mysqld daemon is down

[32mINFO    [0m pytest_operator.plugin:plugin.py:947 Forgetting model main...