{"uid":"bd59675c5aabcc1d","name":"test_build_and_deploy","fullName":"tests.integration.test_node_port#test_build_and_deploy","historyId":"8e5b0ff388919a946524d5696c2557e5","time":{"start":1730338709495,"stop":1730339614864,"duration":905369},"description":"Test the deployment of the charm.","descriptionHtml":"<p>Test the deployment of the charm.</p>\n","status":"broken","statusMessage":"asyncio.exceptions.TimeoutError: Timed out waiting for model:\nmysql-k8s/0 [executing] active: Primary\n  mysql-k8s/1 [executing] active: \n  mysql-k8s/2 [executing] active:","statusTrace":"Traceback (most recent call last):\n  File \"/home/runner/work/mysql-router-k8s-operator/mysql-router-k8s-operator/.tox/integration/lib/python3.10/site-packages/_pytest/runner.py\", line 341, in from_call\n    result: Optional[TResult] = func()\n  File \"/home/runner/work/mysql-router-k8s-operator/mysql-router-k8s-operator/.tox/integration/lib/python3.10/site-packages/_pytest/runner.py\", line 241, in <lambda>\n    lambda: runtest_hook(item=item, **kwds), when=when, reraise=reraise\n  File \"/home/runner/work/mysql-router-k8s-operator/mysql-router-k8s-operator/.tox/integration/lib/python3.10/site-packages/pluggy/_hooks.py\", line 513, in __call__\n    return self._hookexec(self.name, self._hookimpls.copy(), kwargs, firstresult)\n  File \"/home/runner/work/mysql-router-k8s-operator/mysql-router-k8s-operator/.tox/integration/lib/python3.10/site-packages/pluggy/_manager.py\", line 120, in _hookexec\n    return self._inner_hookexec(hook_name, methods, kwargs, firstresult)\n  File \"/home/runner/work/mysql-router-k8s-operator/mysql-router-k8s-operator/.tox/integration/lib/python3.10/site-packages/pluggy/_callers.py\", line 182, in _multicall\n    return outcome.get_result()\n  File \"/home/runner/work/mysql-router-k8s-operator/mysql-router-k8s-operator/.tox/integration/lib/python3.10/site-packages/pluggy/_result.py\", line 100, in get_result\n    raise exc.with_traceback(exc.__traceback__)\n  File \"/home/runner/work/mysql-router-k8s-operator/mysql-router-k8s-operator/.tox/integration/lib/python3.10/site-packages/pluggy/_callers.py\", line 167, in _multicall\n    teardown.throw(outcome._exception)\n  File \"/home/runner/work/mysql-router-k8s-operator/mysql-router-k8s-operator/.tox/integration/lib/python3.10/site-packages/_pytest/threadexception.py\", line 87, in pytest_runtest_call\n    yield from thread_exception_runtest_hook()\n  File \"/home/runner/work/mysql-router-k8s-operator/mysql-router-k8s-operator/.tox/integration/lib/python3.10/site-packages/_pytest/threadexception.py\", line 63, in thread_exception_runtest_hook\n    yield\n  File \"/home/runner/work/mysql-router-k8s-operator/mysql-router-k8s-operator/.tox/integration/lib/python3.10/site-packages/pluggy/_callers.py\", line 167, in _multicall\n    teardown.throw(outcome._exception)\n  File \"/home/runner/work/mysql-router-k8s-operator/mysql-router-k8s-operator/.tox/integration/lib/python3.10/site-packages/_pytest/unraisableexception.py\", line 90, in pytest_runtest_call\n    yield from unraisable_exception_runtest_hook()\n  File \"/home/runner/work/mysql-router-k8s-operator/mysql-router-k8s-operator/.tox/integration/lib/python3.10/site-packages/_pytest/unraisableexception.py\", line 65, in unraisable_exception_runtest_hook\n    yield\n  File \"/home/runner/work/mysql-router-k8s-operator/mysql-router-k8s-operator/.tox/integration/lib/python3.10/site-packages/pluggy/_callers.py\", line 167, in _multicall\n    teardown.throw(outcome._exception)\n  File \"/home/runner/work/mysql-router-k8s-operator/mysql-router-k8s-operator/.tox/integration/lib/python3.10/site-packages/_pytest/logging.py\", line 850, in pytest_runtest_call\n    yield from self._runtest_for(item, \"call\")\n  File \"/home/runner/work/mysql-router-k8s-operator/mysql-router-k8s-operator/.tox/integration/lib/python3.10/site-packages/_pytest/logging.py\", line 833, in _runtest_for\n    yield\n  File \"/home/runner/work/mysql-router-k8s-operator/mysql-router-k8s-operator/.tox/integration/lib/python3.10/site-packages/pluggy/_callers.py\", line 167, in _multicall\n    teardown.throw(outcome._exception)\n  File \"/home/runner/work/mysql-router-k8s-operator/mysql-router-k8s-operator/.tox/integration/lib/python3.10/site-packages/_pytest/capture.py\", line 878, in pytest_runtest_call\n    return (yield)\n  File \"/home/runner/work/mysql-router-k8s-operator/mysql-router-k8s-operator/.tox/integration/lib/python3.10/site-packages/pluggy/_callers.py\", line 167, in _multicall\n    teardown.throw(outcome._exception)\n  File \"/home/runner/work/mysql-router-k8s-operator/mysql-router-k8s-operator/.tox/integration/lib/python3.10/site-packages/_pytest/skipping.py\", line 257, in pytest_runtest_call\n    return (yield)\n  File \"/home/runner/work/mysql-router-k8s-operator/mysql-router-k8s-operator/.tox/integration/lib/python3.10/site-packages/pluggy/_callers.py\", line 103, in _multicall\n    res = hook_impl.function(*args)\n  File \"/home/runner/work/mysql-router-k8s-operator/mysql-router-k8s-operator/.tox/integration/lib/python3.10/site-packages/_pytest/runner.py\", line 183, in pytest_runtest_call\n    raise e\n  File \"/home/runner/work/mysql-router-k8s-operator/mysql-router-k8s-operator/.tox/integration/lib/python3.10/site-packages/_pytest/runner.py\", line 173, in pytest_runtest_call\n    item.runtest()\n  File \"/home/runner/work/mysql-router-k8s-operator/mysql-router-k8s-operator/.tox/integration/lib/python3.10/site-packages/_pytest/python.py\", line 1632, in runtest\n    self.ihook.pytest_pyfunc_call(pyfuncitem=self)\n  File \"/home/runner/work/mysql-router-k8s-operator/mysql-router-k8s-operator/.tox/integration/lib/python3.10/site-packages/pluggy/_hooks.py\", line 513, in __call__\n    return self._hookexec(self.name, self._hookimpls.copy(), kwargs, firstresult)\n  File \"/home/runner/work/mysql-router-k8s-operator/mysql-router-k8s-operator/.tox/integration/lib/python3.10/site-packages/pluggy/_manager.py\", line 120, in _hookexec\n    return self._inner_hookexec(hook_name, methods, kwargs, firstresult)\n  File \"/home/runner/work/mysql-router-k8s-operator/mysql-router-k8s-operator/.tox/integration/lib/python3.10/site-packages/pluggy/_callers.py\", line 182, in _multicall\n    return outcome.get_result()\n  File \"/home/runner/work/mysql-router-k8s-operator/mysql-router-k8s-operator/.tox/integration/lib/python3.10/site-packages/pluggy/_result.py\", line 100, in get_result\n    raise exc.with_traceback(exc.__traceback__)\n  File \"/home/runner/work/mysql-router-k8s-operator/mysql-router-k8s-operator/.tox/integration/lib/python3.10/site-packages/pluggy/_callers.py\", line 103, in _multicall\n    res = hook_impl.function(*args)\n  File \"/home/runner/work/mysql-router-k8s-operator/mysql-router-k8s-operator/.tox/integration/lib/python3.10/site-packages/_pytest/python.py\", line 162, in pytest_pyfunc_call\n    result = testfunction(**testargs)\n  File \"/home/runner/work/mysql-router-k8s-operator/mysql-router-k8s-operator/.tox/integration/lib/python3.10/site-packages/pytest_asyncio/plugin.py\", line 529, in inner\n    _loop.run_until_complete(task)\n  File \"/usr/lib/python3.10/asyncio/base_events.py\", line 649, in run_until_complete\n    return future.result()\n  File \"/home/runner/work/mysql-router-k8s-operator/mysql-router-k8s-operator/tests/integration/test_node_port.py\", line 129, in test_build_and_deploy\n    await ops_test.model.wait_for_idle(\n  File \"/home/runner/work/mysql-router-k8s-operator/mysql-router-k8s-operator/.tox/integration/lib/python3.10/site-packages/juju/model.py\", line 2970, in wait_for_idle\n    raise jasyncio.TimeoutError(\"Timed out waiting for model:\\n\" + busy)\nasyncio.exceptions.TimeoutError: Timed out waiting for model:\nmysql-k8s/0 [executing] active: Primary\n  mysql-k8s/1 [executing] active: \n  mysql-k8s/2 [executing] active:","flaky":false,"newFailed":false,"newBroken":false,"newPassed":false,"retriesCount":1,"retriesStatusChange":true,"beforeStages":[{"name":"tmp_path_factory","time":{"start":1730338709227,"stop":1730338709227,"duration":0},"status":"passed","steps":[],"attachments":[],"parameters":[],"stepsCount":0,"shouldDisplayMessage":false,"attachmentsCount":0,"hasContent":false,"attachmentStep":false},{"name":"ops_test","time":{"start":1730338709227,"stop":1730338709495,"duration":268},"status":"passed","steps":[],"attachments":[],"parameters":[],"stepsCount":0,"shouldDisplayMessage":false,"attachmentsCount":0,"hasContent":false,"attachmentStep":false},{"name":"event_loop","time":{"start":1730338709227,"stop":1730338709227,"duration":0},"status":"passed","steps":[],"attachments":[],"parameters":[],"stepsCount":0,"shouldDisplayMessage":false,"attachmentsCount":0,"hasContent":false,"attachmentStep":false},{"name":"abort_on_fail","time":{"start":1730338709495,"stop":1730338709495,"duration":0},"status":"passed","steps":[],"attachments":[],"parameters":[],"stepsCount":0,"shouldDisplayMessage":false,"attachmentsCount":0,"hasContent":false,"attachmentStep":false}],"testStage":{"description":"Test the deployment of the charm.","status":"broken","statusMessage":"asyncio.exceptions.TimeoutError: Timed out waiting for model:\nmysql-k8s/0 [executing] active: Primary\n  mysql-k8s/1 [executing] active: \n  mysql-k8s/2 [executing] active:","statusTrace":"Traceback (most recent call last):\n  File \"/home/runner/work/mysql-router-k8s-operator/mysql-router-k8s-operator/.tox/integration/lib/python3.10/site-packages/_pytest/runner.py\", line 341, in from_call\n    result: Optional[TResult] = func()\n  File \"/home/runner/work/mysql-router-k8s-operator/mysql-router-k8s-operator/.tox/integration/lib/python3.10/site-packages/_pytest/runner.py\", line 241, in <lambda>\n    lambda: runtest_hook(item=item, **kwds), when=when, reraise=reraise\n  File \"/home/runner/work/mysql-router-k8s-operator/mysql-router-k8s-operator/.tox/integration/lib/python3.10/site-packages/pluggy/_hooks.py\", line 513, in __call__\n    return self._hookexec(self.name, self._hookimpls.copy(), kwargs, firstresult)\n  File \"/home/runner/work/mysql-router-k8s-operator/mysql-router-k8s-operator/.tox/integration/lib/python3.10/site-packages/pluggy/_manager.py\", line 120, in _hookexec\n    return self._inner_hookexec(hook_name, methods, kwargs, firstresult)\n  File \"/home/runner/work/mysql-router-k8s-operator/mysql-router-k8s-operator/.tox/integration/lib/python3.10/site-packages/pluggy/_callers.py\", line 182, in _multicall\n    return outcome.get_result()\n  File \"/home/runner/work/mysql-router-k8s-operator/mysql-router-k8s-operator/.tox/integration/lib/python3.10/site-packages/pluggy/_result.py\", line 100, in get_result\n    raise exc.with_traceback(exc.__traceback__)\n  File \"/home/runner/work/mysql-router-k8s-operator/mysql-router-k8s-operator/.tox/integration/lib/python3.10/site-packages/pluggy/_callers.py\", line 167, in _multicall\n    teardown.throw(outcome._exception)\n  File \"/home/runner/work/mysql-router-k8s-operator/mysql-router-k8s-operator/.tox/integration/lib/python3.10/site-packages/_pytest/threadexception.py\", line 87, in pytest_runtest_call\n    yield from thread_exception_runtest_hook()\n  File \"/home/runner/work/mysql-router-k8s-operator/mysql-router-k8s-operator/.tox/integration/lib/python3.10/site-packages/_pytest/threadexception.py\", line 63, in thread_exception_runtest_hook\n    yield\n  File \"/home/runner/work/mysql-router-k8s-operator/mysql-router-k8s-operator/.tox/integration/lib/python3.10/site-packages/pluggy/_callers.py\", line 167, in _multicall\n    teardown.throw(outcome._exception)\n  File \"/home/runner/work/mysql-router-k8s-operator/mysql-router-k8s-operator/.tox/integration/lib/python3.10/site-packages/_pytest/unraisableexception.py\", line 90, in pytest_runtest_call\n    yield from unraisable_exception_runtest_hook()\n  File \"/home/runner/work/mysql-router-k8s-operator/mysql-router-k8s-operator/.tox/integration/lib/python3.10/site-packages/_pytest/unraisableexception.py\", line 65, in unraisable_exception_runtest_hook\n    yield\n  File \"/home/runner/work/mysql-router-k8s-operator/mysql-router-k8s-operator/.tox/integration/lib/python3.10/site-packages/pluggy/_callers.py\", line 167, in _multicall\n    teardown.throw(outcome._exception)\n  File \"/home/runner/work/mysql-router-k8s-operator/mysql-router-k8s-operator/.tox/integration/lib/python3.10/site-packages/_pytest/logging.py\", line 850, in pytest_runtest_call\n    yield from self._runtest_for(item, \"call\")\n  File \"/home/runner/work/mysql-router-k8s-operator/mysql-router-k8s-operator/.tox/integration/lib/python3.10/site-packages/_pytest/logging.py\", line 833, in _runtest_for\n    yield\n  File \"/home/runner/work/mysql-router-k8s-operator/mysql-router-k8s-operator/.tox/integration/lib/python3.10/site-packages/pluggy/_callers.py\", line 167, in _multicall\n    teardown.throw(outcome._exception)\n  File \"/home/runner/work/mysql-router-k8s-operator/mysql-router-k8s-operator/.tox/integration/lib/python3.10/site-packages/_pytest/capture.py\", line 878, in pytest_runtest_call\n    return (yield)\n  File \"/home/runner/work/mysql-router-k8s-operator/mysql-router-k8s-operator/.tox/integration/lib/python3.10/site-packages/pluggy/_callers.py\", line 167, in _multicall\n    teardown.throw(outcome._exception)\n  File \"/home/runner/work/mysql-router-k8s-operator/mysql-router-k8s-operator/.tox/integration/lib/python3.10/site-packages/_pytest/skipping.py\", line 257, in pytest_runtest_call\n    return (yield)\n  File \"/home/runner/work/mysql-router-k8s-operator/mysql-router-k8s-operator/.tox/integration/lib/python3.10/site-packages/pluggy/_callers.py\", line 103, in _multicall\n    res = hook_impl.function(*args)\n  File \"/home/runner/work/mysql-router-k8s-operator/mysql-router-k8s-operator/.tox/integration/lib/python3.10/site-packages/_pytest/runner.py\", line 183, in pytest_runtest_call\n    raise e\n  File \"/home/runner/work/mysql-router-k8s-operator/mysql-router-k8s-operator/.tox/integration/lib/python3.10/site-packages/_pytest/runner.py\", line 173, in pytest_runtest_call\n    item.runtest()\n  File \"/home/runner/work/mysql-router-k8s-operator/mysql-router-k8s-operator/.tox/integration/lib/python3.10/site-packages/_pytest/python.py\", line 1632, in runtest\n    self.ihook.pytest_pyfunc_call(pyfuncitem=self)\n  File \"/home/runner/work/mysql-router-k8s-operator/mysql-router-k8s-operator/.tox/integration/lib/python3.10/site-packages/pluggy/_hooks.py\", line 513, in __call__\n    return self._hookexec(self.name, self._hookimpls.copy(), kwargs, firstresult)\n  File \"/home/runner/work/mysql-router-k8s-operator/mysql-router-k8s-operator/.tox/integration/lib/python3.10/site-packages/pluggy/_manager.py\", line 120, in _hookexec\n    return self._inner_hookexec(hook_name, methods, kwargs, firstresult)\n  File \"/home/runner/work/mysql-router-k8s-operator/mysql-router-k8s-operator/.tox/integration/lib/python3.10/site-packages/pluggy/_callers.py\", line 182, in _multicall\n    return outcome.get_result()\n  File \"/home/runner/work/mysql-router-k8s-operator/mysql-router-k8s-operator/.tox/integration/lib/python3.10/site-packages/pluggy/_result.py\", line 100, in get_result\n    raise exc.with_traceback(exc.__traceback__)\n  File \"/home/runner/work/mysql-router-k8s-operator/mysql-router-k8s-operator/.tox/integration/lib/python3.10/site-packages/pluggy/_callers.py\", line 103, in _multicall\n    res = hook_impl.function(*args)\n  File \"/home/runner/work/mysql-router-k8s-operator/mysql-router-k8s-operator/.tox/integration/lib/python3.10/site-packages/_pytest/python.py\", line 162, in pytest_pyfunc_call\n    result = testfunction(**testargs)\n  File \"/home/runner/work/mysql-router-k8s-operator/mysql-router-k8s-operator/.tox/integration/lib/python3.10/site-packages/pytest_asyncio/plugin.py\", line 529, in inner\n    _loop.run_until_complete(task)\n  File \"/usr/lib/python3.10/asyncio/base_events.py\", line 649, in run_until_complete\n    return future.result()\n  File \"/home/runner/work/mysql-router-k8s-operator/mysql-router-k8s-operator/tests/integration/test_node_port.py\", line 129, in test_build_and_deploy\n    await ops_test.model.wait_for_idle(\n  File \"/home/runner/work/mysql-router-k8s-operator/mysql-router-k8s-operator/.tox/integration/lib/python3.10/site-packages/juju/model.py\", line 2970, in wait_for_idle\n    raise jasyncio.TimeoutError(\"Timed out waiting for model:\\n\" + busy)\nasyncio.exceptions.TimeoutError: Timed out waiting for model:\nmysql-k8s/0 [executing] active: Primary\n  mysql-k8s/1 [executing] active: \n  mysql-k8s/2 [executing] active:","steps":[],"attachments":[{"uid":"95eceb56eacb1806","name":"log","source":"95eceb56eacb1806.txt","type":"text/plain","size":8122}],"parameters":[],"stepsCount":0,"shouldDisplayMessage":true,"attachmentsCount":1,"hasContent":true,"attachmentStep":false},"afterStages":[{"name":"abort_on_fail::0","time":{"start":1730339614907,"stop":1730339614907,"duration":0},"status":"passed","steps":[],"attachments":[],"parameters":[],"stepsCount":0,"shouldDisplayMessage":false,"attachmentsCount":0,"hasContent":false,"attachmentStep":false},{"name":"ops_test::finalizer","time":{"start":1730339614919,"stop":1730339615615,"duration":696},"status":"passed","steps":[],"attachments":[],"parameters":[],"stepsCount":0,"shouldDisplayMessage":false,"attachmentsCount":0,"hasContent":false,"attachmentStep":false},{"name":"event_loop::2","time":{"start":1730339615616,"stop":1730339615616,"duration":0},"status":"passed","steps":[],"attachments":[],"parameters":[],"stepsCount":0,"shouldDisplayMessage":false,"attachmentsCount":0,"hasContent":false,"attachmentStep":false},{"name":"event_loop::_close_event_loop","time":{"start":1730339615616,"stop":1730339615616,"duration":0},"status":"passed","steps":[],"attachments":[],"parameters":[],"stepsCount":0,"shouldDisplayMessage":false,"attachmentsCount":0,"hasContent":false,"attachmentStep":false},{"name":"event_loop::_provide_clean_event_loop","time":{"start":1730339615616,"stop":1730339615616,"duration":0},"status":"passed","steps":[],"attachments":[],"parameters":[],"stepsCount":0,"shouldDisplayMessage":false,"attachmentsCount":0,"hasContent":false,"attachmentStep":false}],"labels":[{"name":"tag","value":"@pytest.mark.skipif(False, reason='Skips juju <3.1.x as we have a dependency for self-signed-certificates')"},{"name":"tag","value":"abort_on_fail"},{"name":"tag","value":"group(1)"},{"name":"tag","value":"asyncio"},{"name":"parentSuite","value":"tests.integration"},{"name":"suite","value":"test_node_port"},{"name":"host","value":"fv-az841-46"},{"name":"thread","value":"13354-MainThread"},{"name":"framework","value":"pytest"},{"name":"language","value":"cpython3"},{"name":"package","value":"tests.integration.test_node_port"},{"name":"resultFormat","value":"allure2"}],"parameters":[],"links":[],"hidden":false,"retry":false,"extra":{"severity":"normal","retries":[{"uid":"e4757134a3c84114","status":"unknown","time":{}}],"categories":[{"name":"Test defects","matchedStatuses":[],"flaky":false}],"history":{"statistic":{"failed":0,"broken":55,"skipped":0,"passed":96,"unknown":1,"total":152},"items":[{"uid":"1502520b993d4862","reportUrl":"../2011//#testresult/1502520b993d4862","status":"broken","statusDetails":"asyncio.exceptions.TimeoutError: Timed out waiting for model:\nmysql-k8s/0 [executing] active: Primary\n  mysql-k8s/1 [executing] active: \n  mysql-k8s/2 [executing] active:","time":{"start":1730252480891,"stop":1730253386967,"duration":906076}},{"uid":"22db8fb4a1e74884","reportUrl":"../2010//#testresult/22db8fb4a1e74884","status":"passed","time":{"start":1730166006208,"stop":1730166230661,"duration":224453}},{"uid":"34f81d8b8efbb3f8","reportUrl":"../2009//#testresult/34f81d8b8efbb3f8","status":"broken","statusDetails":"asyncio.exceptions.TimeoutError: Timed out waiting for model:\nmysql-k8s/0 [executing] active: \n  mysql-k8s/1 [executing] active: \n  mysql-k8s/2 [executing] active: Primary","time":{"start":1730079457979,"stop":1730080364388,"duration":906409}},{"uid":"f42506952136bb","reportUrl":"../2008//#testresult/f42506952136bb","status":"broken","statusDetails":"asyncio.exceptions.TimeoutError: Timed out waiting for model:\nmysql-k8s/0 [executing] active: \n  mysql-k8s/1 [executing] active: Primary\n  mysql-k8s/2 [executing] active:","time":{"start":1729993188078,"stop":1729994093602,"duration":905524}},{"uid":"a9b0bf1bda44e2f9","reportUrl":"../2007//#testresult/a9b0bf1bda44e2f9","status":"broken","statusDetails":"asyncio.exceptions.TimeoutError: Timed out waiting for model:\nmysql-k8s/0 [executing] active: \n  mysql-k8s/1 [executing] active: Primary\n  mysql-k8s/2 [executing] active:","time":{"start":1729906752296,"stop":1729907658020,"duration":905724}},{"uid":"23626fab7fde4327","reportUrl":"../2006//#testresult/23626fab7fde4327","status":"broken","statusDetails":"asyncio.exceptions.TimeoutError: Timed out waiting for model:\nmysql-k8s/0 [executing] active: \n  mysql-k8s/1 [executing] active: \n  mysql-k8s/2 [executing] active: Primary","time":{"start":1729820464210,"stop":1729821370495,"duration":906285}},{"uid":"b400084567ffd1f1","reportUrl":"../2003//#testresult/b400084567ffd1f1","status":"broken","statusDetails":"asyncio.exceptions.TimeoutError: Timed out waiting for model:\nmysql-k8s/0 [executing] active: \n  mysql-k8s/1 [executing] active: \n  mysql-k8s/2 [executing] active: Primary","time":{"start":1729734100835,"stop":1729735006576,"duration":905741}},{"uid":"f55b9e80ff022c1b","reportUrl":"../2002//#testresult/f55b9e80ff022c1b","status":"broken","statusDetails":"asyncio.exceptions.TimeoutError: Timed out waiting for model:\nmysql-k8s/0 [executing] active: Primary\n  mysql-k8s/1 [executing] active: \n  mysql-k8s/2 [executing] active:","time":{"start":1729647536848,"stop":1729648441971,"duration":905123}},{"uid":"57980f416cee9d1d","reportUrl":"../1968//#testresult/57980f416cee9d1d","status":"broken","statusDetails":"asyncio.exceptions.TimeoutError: Timed out waiting for model:\nmysql-k8s/0 [executing] active: \n  mysql-k8s/1 [executing] active: Primary\n  mysql-k8s/2 [executing] active:","time":{"start":1729561158115,"stop":1729562065156,"duration":907041}},{"uid":"c9c30b378dfe90a8","reportUrl":"../1921//#testresult/c9c30b378dfe90a8","status":"broken","statusDetails":"asyncio.exceptions.TimeoutError: Timed out waiting for model:\nmysql-k8s/0 [executing] active: \n  mysql-k8s/1 [executing] active: Primary\n  mysql-k8s/2 [executing] active:","time":{"start":1729474739284,"stop":1729475645310,"duration":906026}},{"uid":"ba4e67bc66cc6468","reportUrl":"../1920//#testresult/ba4e67bc66cc6468","status":"broken","statusDetails":"asyncio.exceptions.TimeoutError: Timed out waiting for model:\nmysql-k8s/0 [executing] active: Primary\n  mysql-k8s/1 [executing] active: \n  mysql-k8s/2 [executing] active:","time":{"start":1729388331089,"stop":1729389238175,"duration":907086}},{"uid":"efd4550470321e89","reportUrl":"../1919//#testresult/efd4550470321e89","status":"broken","statusDetails":"asyncio.exceptions.TimeoutError: Timed out waiting for model:\nmysql-k8s/0 [executing] active: \n  mysql-k8s/1 [executing] active: Primary\n  mysql-k8s/2 [executing] active:","time":{"start":1729301912750,"stop":1729302818247,"duration":905497}},{"uid":"6efb0c43c2a4944b","reportUrl":"../1911//#testresult/6efb0c43c2a4944b","status":"broken","statusDetails":"juju.errors.JujuAppError: App in error: mysql-k8s","time":{"start":1729215480362,"stop":1729215520474,"duration":40112}},{"uid":"6b01829263a962d7","reportUrl":"../1901//#testresult/6b01829263a962d7","status":"broken","statusDetails":"asyncio.exceptions.TimeoutError: Timed out waiting for model:\nmysql-k8s/0 [executing] active: \n  mysql-k8s/1 [executing] active: \n  mysql-k8s/2 [executing] active: Primary","time":{"start":1729129335235,"stop":1729130240306,"duration":905071}},{"uid":"60fc83ac8377eb36","reportUrl":"../1876//#testresult/60fc83ac8377eb36","status":"broken","statusDetails":"asyncio.exceptions.TimeoutError: Timed out waiting for model:\nmysql-k8s/0 [executing] active: \n  mysql-k8s/1 [executing] active: \n  mysql-k8s/2 [executing] active: Primary","time":{"start":1729042588702,"stop":1729043494185,"duration":905483}},{"uid":"68b174c4d4d4ec3","reportUrl":"../1833//#testresult/68b174c4d4d4ec3","status":"broken","statusDetails":"juju.errors.JujuAppError: App in error: mysql-k8s","time":{"start":1728956192838,"stop":1728956241308,"duration":48470}},{"uid":"1655bd010af1081a","reportUrl":"../1808//#testresult/1655bd010af1081a","status":"broken","statusDetails":"asyncio.exceptions.TimeoutError: Timed out waiting for model:\nmysql-k8s/0 [executing] active: \n  mysql-k8s/1 [executing] active: \n  mysql-k8s/2 [executing] active: Primary","time":{"start":1728869932932,"stop":1728870838396,"duration":905464}},{"uid":"4cb6f171930de95a","reportUrl":"../1807//#testresult/4cb6f171930de95a","status":"passed","time":{"start":1728783468560,"stop":1728783962333,"duration":493773}},{"uid":"ccca5039daed37f1","reportUrl":"../1806//#testresult/ccca5039daed37f1","status":"passed","time":{"start":1728697184734,"stop":1728697414313,"duration":229579}},{"uid":"38ce249fedbc5156","reportUrl":"../1799//#testresult/38ce249fedbc5156","status":"broken","statusDetails":"asyncio.exceptions.TimeoutError: Timed out waiting for model:\nmysql-k8s/0 [executing] active: \n  mysql-k8s/1 [executing] active: \n  mysql-k8s/2 [executing] active: Primary","time":{"start":1728610692644,"stop":1728611598111,"duration":905467}}]},"tags":["asyncio","abort_on_fail","@pytest.mark.skipif(False, reason='Skips juju <3.1.x as we have a dependency for self-signed-certificates')","group(1)"]},"source":"bd59675c5aabcc1d.json","parameterValues":[]}