{"uid":"3d72e3e0d70de20e","name":"test_fail_and_rollback","fullName":"tests.integration.test_upgrade#test_fail_and_rollback","historyId":"997774fbf319c1a457fb1c7123a70c21","time":{"start":1722130844700,"stop":1722132117458,"duration":1272758},"description":"Upgrade to an invalid version and test rollback.\n\n    Relies on the charm built in the previous test (test_upgrade_from_edge).\n    ","descriptionHtml":"<p>Upgrade to an invalid version and test rollback.</p>\n<pre><code>Relies on the charm built in the previous test (test_upgrade_from_edge).\n</code></pre>\n","status":"broken","statusMessage":"asyncio.exceptions.TimeoutError: Timed out waiting for model:\nmysql-router-k8s/0 [idle] active: Router 8.0.37+testupgrade running (restart pending); Charmed operator 1.2+ae2e8eb\n  mysql-router-k8s/1 [idle] active: Router 8.0.37+testupgrade running (restart pending); Charmed operator 1.2+ae2e8eb\n  mysql-router-k8s/2 [idle] active: Router 8.0.37+testupgrade running; Charmed operator 1.2+ae2e8eb","statusTrace":"Traceback (most recent call last):\n  File \"/home/runner/work/mysql-router-k8s-operator/mysql-router-k8s-operator/.tox/integration/lib/python3.10/site-packages/_pytest/runner.py\", line 341, in from_call\n    result: Optional[TResult] = func()\n  File \"/home/runner/work/mysql-router-k8s-operator/mysql-router-k8s-operator/.tox/integration/lib/python3.10/site-packages/_pytest/runner.py\", line 241, in <lambda>\n    lambda: runtest_hook(item=item, **kwds), when=when, reraise=reraise\n  File \"/home/runner/work/mysql-router-k8s-operator/mysql-router-k8s-operator/.tox/integration/lib/python3.10/site-packages/pluggy/_hooks.py\", line 513, in __call__\n    return self._hookexec(self.name, self._hookimpls.copy(), kwargs, firstresult)\n  File \"/home/runner/work/mysql-router-k8s-operator/mysql-router-k8s-operator/.tox/integration/lib/python3.10/site-packages/pluggy/_manager.py\", line 120, in _hookexec\n    return self._inner_hookexec(hook_name, methods, kwargs, firstresult)\n  File \"/home/runner/work/mysql-router-k8s-operator/mysql-router-k8s-operator/.tox/integration/lib/python3.10/site-packages/pluggy/_callers.py\", line 182, in _multicall\n    return outcome.get_result()\n  File \"/home/runner/work/mysql-router-k8s-operator/mysql-router-k8s-operator/.tox/integration/lib/python3.10/site-packages/pluggy/_result.py\", line 100, in get_result\n    raise exc.with_traceback(exc.__traceback__)\n  File \"/home/runner/work/mysql-router-k8s-operator/mysql-router-k8s-operator/.tox/integration/lib/python3.10/site-packages/pluggy/_callers.py\", line 167, in _multicall\n    teardown.throw(outcome._exception)\n  File \"/home/runner/work/mysql-router-k8s-operator/mysql-router-k8s-operator/.tox/integration/lib/python3.10/site-packages/_pytest/threadexception.py\", line 87, in pytest_runtest_call\n    yield from thread_exception_runtest_hook()\n  File \"/home/runner/work/mysql-router-k8s-operator/mysql-router-k8s-operator/.tox/integration/lib/python3.10/site-packages/_pytest/threadexception.py\", line 63, in thread_exception_runtest_hook\n    yield\n  File \"/home/runner/work/mysql-router-k8s-operator/mysql-router-k8s-operator/.tox/integration/lib/python3.10/site-packages/pluggy/_callers.py\", line 167, in _multicall\n    teardown.throw(outcome._exception)\n  File \"/home/runner/work/mysql-router-k8s-operator/mysql-router-k8s-operator/.tox/integration/lib/python3.10/site-packages/_pytest/unraisableexception.py\", line 90, in pytest_runtest_call\n    yield from unraisable_exception_runtest_hook()\n  File \"/home/runner/work/mysql-router-k8s-operator/mysql-router-k8s-operator/.tox/integration/lib/python3.10/site-packages/_pytest/unraisableexception.py\", line 65, in unraisable_exception_runtest_hook\n    yield\n  File \"/home/runner/work/mysql-router-k8s-operator/mysql-router-k8s-operator/.tox/integration/lib/python3.10/site-packages/pluggy/_callers.py\", line 167, in _multicall\n    teardown.throw(outcome._exception)\n  File \"/home/runner/work/mysql-router-k8s-operator/mysql-router-k8s-operator/.tox/integration/lib/python3.10/site-packages/_pytest/logging.py\", line 850, in pytest_runtest_call\n    yield from self._runtest_for(item, \"call\")\n  File \"/home/runner/work/mysql-router-k8s-operator/mysql-router-k8s-operator/.tox/integration/lib/python3.10/site-packages/_pytest/logging.py\", line 833, in _runtest_for\n    yield\n  File \"/home/runner/work/mysql-router-k8s-operator/mysql-router-k8s-operator/.tox/integration/lib/python3.10/site-packages/pluggy/_callers.py\", line 167, in _multicall\n    teardown.throw(outcome._exception)\n  File \"/home/runner/work/mysql-router-k8s-operator/mysql-router-k8s-operator/.tox/integration/lib/python3.10/site-packages/_pytest/capture.py\", line 878, in pytest_runtest_call\n    return (yield)\n  File \"/home/runner/work/mysql-router-k8s-operator/mysql-router-k8s-operator/.tox/integration/lib/python3.10/site-packages/pluggy/_callers.py\", line 167, in _multicall\n    teardown.throw(outcome._exception)\n  File \"/home/runner/work/mysql-router-k8s-operator/mysql-router-k8s-operator/.tox/integration/lib/python3.10/site-packages/_pytest/skipping.py\", line 257, in pytest_runtest_call\n    return (yield)\n  File \"/home/runner/work/mysql-router-k8s-operator/mysql-router-k8s-operator/.tox/integration/lib/python3.10/site-packages/pluggy/_callers.py\", line 103, in _multicall\n    res = hook_impl.function(*args)\n  File \"/home/runner/work/mysql-router-k8s-operator/mysql-router-k8s-operator/.tox/integration/lib/python3.10/site-packages/_pytest/runner.py\", line 183, in pytest_runtest_call\n    raise e\n  File \"/home/runner/work/mysql-router-k8s-operator/mysql-router-k8s-operator/.tox/integration/lib/python3.10/site-packages/_pytest/runner.py\", line 173, in pytest_runtest_call\n    item.runtest()\n  File \"/home/runner/work/mysql-router-k8s-operator/mysql-router-k8s-operator/.tox/integration/lib/python3.10/site-packages/_pytest/python.py\", line 1632, in runtest\n    self.ihook.pytest_pyfunc_call(pyfuncitem=self)\n  File \"/home/runner/work/mysql-router-k8s-operator/mysql-router-k8s-operator/.tox/integration/lib/python3.10/site-packages/pluggy/_hooks.py\", line 513, in __call__\n    return self._hookexec(self.name, self._hookimpls.copy(), kwargs, firstresult)\n  File \"/home/runner/work/mysql-router-k8s-operator/mysql-router-k8s-operator/.tox/integration/lib/python3.10/site-packages/pluggy/_manager.py\", line 120, in _hookexec\n    return self._inner_hookexec(hook_name, methods, kwargs, firstresult)\n  File \"/home/runner/work/mysql-router-k8s-operator/mysql-router-k8s-operator/.tox/integration/lib/python3.10/site-packages/pluggy/_callers.py\", line 182, in _multicall\n    return outcome.get_result()\n  File \"/home/runner/work/mysql-router-k8s-operator/mysql-router-k8s-operator/.tox/integration/lib/python3.10/site-packages/pluggy/_result.py\", line 100, in get_result\n    raise exc.with_traceback(exc.__traceback__)\n  File \"/home/runner/work/mysql-router-k8s-operator/mysql-router-k8s-operator/.tox/integration/lib/python3.10/site-packages/pluggy/_callers.py\", line 103, in _multicall\n    res = hook_impl.function(*args)\n  File \"/home/runner/work/mysql-router-k8s-operator/mysql-router-k8s-operator/.tox/integration/lib/python3.10/site-packages/_pytest/python.py\", line 162, in pytest_pyfunc_call\n    result = testfunction(**testargs)\n  File \"/home/runner/work/mysql-router-k8s-operator/mysql-router-k8s-operator/.tox/integration/lib/python3.10/site-packages/pytest_asyncio/plugin.py\", line 529, in inner\n    _loop.run_until_complete(task)\n  File \"/usr/lib/python3.10/asyncio/base_events.py\", line 649, in run_until_complete\n    return future.result()\n  File \"/home/runner/work/mysql-router-k8s-operator/mysql-router-k8s-operator/tests/integration/test_upgrade.py\", line 207, in test_fail_and_rollback\n    await ops_test.model.wait_for_idle(\n  File \"/home/runner/work/mysql-router-k8s-operator/mysql-router-k8s-operator/.tox/integration/lib/python3.10/site-packages/juju/model.py\", line 2969, in wait_for_idle\n    raise jasyncio.TimeoutError(\"Timed out waiting for model:\\n\" + busy)\nasyncio.exceptions.TimeoutError: Timed out waiting for model:\nmysql-router-k8s/0 [idle] active: Router 8.0.37+testupgrade running (restart pending); Charmed operator 1.2+ae2e8eb\n  mysql-router-k8s/1 [idle] active: Router 8.0.37+testupgrade running (restart pending); Charmed operator 1.2+ae2e8eb\n  mysql-router-k8s/2 [idle] active: Router 8.0.37+testupgrade running; Charmed operator 1.2+ae2e8eb","flaky":false,"newFailed":false,"newBroken":true,"newPassed":false,"retriesCount":1,"retriesStatusChange":true,"beforeStages":[{"name":"event_loop","time":{"start":1722130537368,"stop":1722130537369,"duration":1},"status":"passed","steps":[],"attachments":[],"parameters":[],"stepsCount":0,"shouldDisplayMessage":false,"attachmentsCount":0,"hasContent":false,"attachmentStep":false},{"name":"ops_test","time":{"start":1722130537369,"stop":1722130537594,"duration":225},"status":"passed","steps":[],"attachments":[],"parameters":[],"stepsCount":0,"shouldDisplayMessage":false,"attachmentsCount":0,"hasContent":false,"attachmentStep":false},{"name":"tmp_path_factory","time":{"start":1722130537369,"stop":1722130537369,"duration":0},"status":"passed","steps":[],"attachments":[],"parameters":[],"stepsCount":0,"shouldDisplayMessage":false,"attachmentsCount":0,"hasContent":false,"attachmentStep":false},{"name":"continuous_writes","time":{"start":1722130844700,"stop":1722130844700,"duration":0},"status":"passed","steps":[],"attachments":[],"parameters":[],"stepsCount":0,"shouldDisplayMessage":false,"attachmentsCount":0,"hasContent":false,"attachmentStep":false},{"name":"abort_on_fail","time":{"start":1722130844700,"stop":1722130844700,"duration":0},"status":"passed","steps":[],"attachments":[],"parameters":[],"stepsCount":0,"shouldDisplayMessage":false,"attachmentsCount":0,"hasContent":false,"attachmentStep":false}],"testStage":{"description":"Upgrade to an invalid version and test rollback.\n\n    Relies on the charm built in the previous test (test_upgrade_from_edge).\n    ","status":"broken","statusMessage":"asyncio.exceptions.TimeoutError: Timed out waiting for model:\nmysql-router-k8s/0 [idle] active: Router 8.0.37+testupgrade running (restart pending); Charmed operator 1.2+ae2e8eb\n  mysql-router-k8s/1 [idle] active: Router 8.0.37+testupgrade running (restart pending); Charmed operator 1.2+ae2e8eb\n  mysql-router-k8s/2 [idle] active: Router 8.0.37+testupgrade running; Charmed operator 1.2+ae2e8eb","statusTrace":"Traceback (most recent call last):\n  File \"/home/runner/work/mysql-router-k8s-operator/mysql-router-k8s-operator/.tox/integration/lib/python3.10/site-packages/_pytest/runner.py\", line 341, in from_call\n    result: Optional[TResult] = func()\n  File \"/home/runner/work/mysql-router-k8s-operator/mysql-router-k8s-operator/.tox/integration/lib/python3.10/site-packages/_pytest/runner.py\", line 241, in <lambda>\n    lambda: runtest_hook(item=item, **kwds), when=when, reraise=reraise\n  File \"/home/runner/work/mysql-router-k8s-operator/mysql-router-k8s-operator/.tox/integration/lib/python3.10/site-packages/pluggy/_hooks.py\", line 513, in __call__\n    return self._hookexec(self.name, self._hookimpls.copy(), kwargs, firstresult)\n  File \"/home/runner/work/mysql-router-k8s-operator/mysql-router-k8s-operator/.tox/integration/lib/python3.10/site-packages/pluggy/_manager.py\", line 120, in _hookexec\n    return self._inner_hookexec(hook_name, methods, kwargs, firstresult)\n  File \"/home/runner/work/mysql-router-k8s-operator/mysql-router-k8s-operator/.tox/integration/lib/python3.10/site-packages/pluggy/_callers.py\", line 182, in _multicall\n    return outcome.get_result()\n  File \"/home/runner/work/mysql-router-k8s-operator/mysql-router-k8s-operator/.tox/integration/lib/python3.10/site-packages/pluggy/_result.py\", line 100, in get_result\n    raise exc.with_traceback(exc.__traceback__)\n  File \"/home/runner/work/mysql-router-k8s-operator/mysql-router-k8s-operator/.tox/integration/lib/python3.10/site-packages/pluggy/_callers.py\", line 167, in _multicall\n    teardown.throw(outcome._exception)\n  File \"/home/runner/work/mysql-router-k8s-operator/mysql-router-k8s-operator/.tox/integration/lib/python3.10/site-packages/_pytest/threadexception.py\", line 87, in pytest_runtest_call\n    yield from thread_exception_runtest_hook()\n  File \"/home/runner/work/mysql-router-k8s-operator/mysql-router-k8s-operator/.tox/integration/lib/python3.10/site-packages/_pytest/threadexception.py\", line 63, in thread_exception_runtest_hook\n    yield\n  File \"/home/runner/work/mysql-router-k8s-operator/mysql-router-k8s-operator/.tox/integration/lib/python3.10/site-packages/pluggy/_callers.py\", line 167, in _multicall\n    teardown.throw(outcome._exception)\n  File \"/home/runner/work/mysql-router-k8s-operator/mysql-router-k8s-operator/.tox/integration/lib/python3.10/site-packages/_pytest/unraisableexception.py\", line 90, in pytest_runtest_call\n    yield from unraisable_exception_runtest_hook()\n  File \"/home/runner/work/mysql-router-k8s-operator/mysql-router-k8s-operator/.tox/integration/lib/python3.10/site-packages/_pytest/unraisableexception.py\", line 65, in unraisable_exception_runtest_hook\n    yield\n  File \"/home/runner/work/mysql-router-k8s-operator/mysql-router-k8s-operator/.tox/integration/lib/python3.10/site-packages/pluggy/_callers.py\", line 167, in _multicall\n    teardown.throw(outcome._exception)\n  File \"/home/runner/work/mysql-router-k8s-operator/mysql-router-k8s-operator/.tox/integration/lib/python3.10/site-packages/_pytest/logging.py\", line 850, in pytest_runtest_call\n    yield from self._runtest_for(item, \"call\")\n  File \"/home/runner/work/mysql-router-k8s-operator/mysql-router-k8s-operator/.tox/integration/lib/python3.10/site-packages/_pytest/logging.py\", line 833, in _runtest_for\n    yield\n  File \"/home/runner/work/mysql-router-k8s-operator/mysql-router-k8s-operator/.tox/integration/lib/python3.10/site-packages/pluggy/_callers.py\", line 167, in _multicall\n    teardown.throw(outcome._exception)\n  File \"/home/runner/work/mysql-router-k8s-operator/mysql-router-k8s-operator/.tox/integration/lib/python3.10/site-packages/_pytest/capture.py\", line 878, in pytest_runtest_call\n    return (yield)\n  File \"/home/runner/work/mysql-router-k8s-operator/mysql-router-k8s-operator/.tox/integration/lib/python3.10/site-packages/pluggy/_callers.py\", line 167, in _multicall\n    teardown.throw(outcome._exception)\n  File \"/home/runner/work/mysql-router-k8s-operator/mysql-router-k8s-operator/.tox/integration/lib/python3.10/site-packages/_pytest/skipping.py\", line 257, in pytest_runtest_call\n    return (yield)\n  File \"/home/runner/work/mysql-router-k8s-operator/mysql-router-k8s-operator/.tox/integration/lib/python3.10/site-packages/pluggy/_callers.py\", line 103, in _multicall\n    res = hook_impl.function(*args)\n  File \"/home/runner/work/mysql-router-k8s-operator/mysql-router-k8s-operator/.tox/integration/lib/python3.10/site-packages/_pytest/runner.py\", line 183, in pytest_runtest_call\n    raise e\n  File \"/home/runner/work/mysql-router-k8s-operator/mysql-router-k8s-operator/.tox/integration/lib/python3.10/site-packages/_pytest/runner.py\", line 173, in pytest_runtest_call\n    item.runtest()\n  File \"/home/runner/work/mysql-router-k8s-operator/mysql-router-k8s-operator/.tox/integration/lib/python3.10/site-packages/_pytest/python.py\", line 1632, in runtest\n    self.ihook.pytest_pyfunc_call(pyfuncitem=self)\n  File \"/home/runner/work/mysql-router-k8s-operator/mysql-router-k8s-operator/.tox/integration/lib/python3.10/site-packages/pluggy/_hooks.py\", line 513, in __call__\n    return self._hookexec(self.name, self._hookimpls.copy(), kwargs, firstresult)\n  File \"/home/runner/work/mysql-router-k8s-operator/mysql-router-k8s-operator/.tox/integration/lib/python3.10/site-packages/pluggy/_manager.py\", line 120, in _hookexec\n    return self._inner_hookexec(hook_name, methods, kwargs, firstresult)\n  File \"/home/runner/work/mysql-router-k8s-operator/mysql-router-k8s-operator/.tox/integration/lib/python3.10/site-packages/pluggy/_callers.py\", line 182, in _multicall\n    return outcome.get_result()\n  File \"/home/runner/work/mysql-router-k8s-operator/mysql-router-k8s-operator/.tox/integration/lib/python3.10/site-packages/pluggy/_result.py\", line 100, in get_result\n    raise exc.with_traceback(exc.__traceback__)\n  File \"/home/runner/work/mysql-router-k8s-operator/mysql-router-k8s-operator/.tox/integration/lib/python3.10/site-packages/pluggy/_callers.py\", line 103, in _multicall\n    res = hook_impl.function(*args)\n  File \"/home/runner/work/mysql-router-k8s-operator/mysql-router-k8s-operator/.tox/integration/lib/python3.10/site-packages/_pytest/python.py\", line 162, in pytest_pyfunc_call\n    result = testfunction(**testargs)\n  File \"/home/runner/work/mysql-router-k8s-operator/mysql-router-k8s-operator/.tox/integration/lib/python3.10/site-packages/pytest_asyncio/plugin.py\", line 529, in inner\n    _loop.run_until_complete(task)\n  File \"/usr/lib/python3.10/asyncio/base_events.py\", line 649, in run_until_complete\n    return future.result()\n  File \"/home/runner/work/mysql-router-k8s-operator/mysql-router-k8s-operator/tests/integration/test_upgrade.py\", line 207, in test_fail_and_rollback\n    await ops_test.model.wait_for_idle(\n  File \"/home/runner/work/mysql-router-k8s-operator/mysql-router-k8s-operator/.tox/integration/lib/python3.10/site-packages/juju/model.py\", line 2969, in wait_for_idle\n    raise jasyncio.TimeoutError(\"Timed out waiting for model:\\n\" + busy)\nasyncio.exceptions.TimeoutError: Timed out waiting for model:\nmysql-router-k8s/0 [idle] active: Router 8.0.37+testupgrade running (restart pending); Charmed operator 1.2+ae2e8eb\n  mysql-router-k8s/1 [idle] active: Router 8.0.37+testupgrade running (restart pending); Charmed operator 1.2+ae2e8eb\n  mysql-router-k8s/2 [idle] active: Router 8.0.37+testupgrade running; Charmed operator 1.2+ae2e8eb","steps":[],"attachments":[{"uid":"89d408d1e09a7159","name":"log","source":"89d408d1e09a7159.txt","type":"text/plain","size":18776}],"parameters":[],"stepsCount":0,"shouldDisplayMessage":true,"attachmentsCount":1,"hasContent":true,"attachmentStep":false},"afterStages":[{"name":"abort_on_fail::0","time":{"start":1722132117461,"stop":1722132117461,"duration":0},"status":"passed","steps":[],"attachments":[],"parameters":[],"stepsCount":0,"shouldDisplayMessage":false,"attachmentsCount":0,"hasContent":false,"attachmentStep":false},{"name":"ops_test::finalizer","time":{"start":1722132117462,"stop":1722132117880,"duration":418},"status":"passed","steps":[],"attachments":[],"parameters":[],"stepsCount":0,"shouldDisplayMessage":false,"attachmentsCount":0,"hasContent":false,"attachmentStep":false},{"name":"event_loop::2","time":{"start":1722132117881,"stop":1722132117882,"duration":1},"status":"passed","steps":[],"attachments":[],"parameters":[],"stepsCount":0,"shouldDisplayMessage":false,"attachmentsCount":0,"hasContent":false,"attachmentStep":false},{"name":"event_loop::_close_event_loop","time":{"start":1722132117882,"stop":1722132117882,"duration":0},"status":"passed","steps":[],"attachments":[],"parameters":[],"stepsCount":0,"shouldDisplayMessage":false,"attachmentsCount":0,"hasContent":false,"attachmentStep":false},{"name":"event_loop::_provide_clean_event_loop","time":{"start":1722132117882,"stop":1722132117882,"duration":0},"status":"passed","steps":[],"attachments":[],"parameters":[],"stepsCount":0,"shouldDisplayMessage":false,"attachmentsCount":0,"hasContent":false,"attachmentStep":false}],"labels":[{"name":"tag","value":"abort_on_fail"},{"name":"tag","value":"group(1)"},{"name":"tag","value":"asyncio"},{"name":"parentSuite","value":"tests.integration"},{"name":"suite","value":"test_upgrade"},{"name":"host","value":"fv-az740-399"},{"name":"thread","value":"12258-MainThread"},{"name":"framework","value":"pytest"},{"name":"language","value":"cpython3"},{"name":"package","value":"tests.integration.test_upgrade"},{"name":"resultFormat","value":"allure2"}],"parameters":[],"links":[],"hidden":false,"retry":false,"extra":{"severity":"normal","retries":[{"uid":"9e1c94dc02e83ce6","status":"unknown","time":{}}],"categories":[{"name":"Test defects","matchedStatuses":[],"flaky":false}],"history":{"statistic":{"failed":0,"broken":5,"skipped":5,"passed":48,"unknown":1,"total":59},"items":[{"uid":"96390a1530eb5ddd","reportUrl":"../1576//#testresult/96390a1530eb5ddd","status":"passed","time":{"start":1722044487004,"stop":1722044704492,"duration":217488}},{"uid":"fbd0f196e890fe04","reportUrl":"../1572//#testresult/fbd0f196e890fe04","status":"passed","time":{"start":1721958042165,"stop":1721958253792,"duration":211627}},{"uid":"1447571054b64062","reportUrl":"../1562//#testresult/1447571054b64062","status":"passed","time":{"start":1721871628551,"stop":1721871851490,"duration":222939}},{"uid":"a4e143630bc44bfc","reportUrl":"../1558//#testresult/a4e143630bc44bfc","status":"passed","time":{"start":1721785263158,"stop":1721785500042,"duration":236884}},{"uid":"a39b20a27ff083ae","reportUrl":"../1557//#testresult/a39b20a27ff083ae","status":"passed","time":{"start":1721698944547,"stop":1721699186393,"duration":241846}},{"uid":"7f8adc44a4edde9e","reportUrl":"../1550//#testresult/7f8adc44a4edde9e","status":"passed","time":{"start":1721612448958,"stop":1721612659537,"duration":210579}},{"uid":"e9ad14b0737468ab","reportUrl":"../1549//#testresult/e9ad14b0737468ab","status":"passed","time":{"start":1721526054401,"stop":1721526263358,"duration":208957}},{"uid":"c57932ac39f95d19","reportUrl":"../1548//#testresult/c57932ac39f95d19","status":"skipped","statusDetails":"XFAIL reason: aborted\n\n_pytest.outcomes.XFailed: aborted","time":{"start":1721439550962,"stop":1721439550962,"duration":0}},{"uid":"5e76e1381f621d9","reportUrl":"../1546//#testresult/5e76e1381f621d9","status":"passed","time":{"start":1721356534989,"stop":1721356742243,"duration":207254}},{"uid":"2db94734ee819d65","reportUrl":"../1543//#testresult/2db94734ee819d65","status":"passed","time":{"start":1721266899309,"stop":1721267103997,"duration":204688}},{"uid":"ee02bec457ab7bd4","reportUrl":"../1541//#testresult/ee02bec457ab7bd4","status":"passed","time":{"start":1721180543536,"stop":1721180766194,"duration":222658}},{"uid":"96ab3bb3b2e1922c","reportUrl":"../1539//#testresult/96ab3bb3b2e1922c","status":"passed","time":{"start":1721094167521,"stop":1721094371137,"duration":203616}},{"uid":"cdf601564ce0ae2c","reportUrl":"../1537//#testresult/cdf601564ce0ae2c","status":"passed","time":{"start":1721007837925,"stop":1721008054601,"duration":216676}},{"uid":"146ff6c7ad92dca","reportUrl":"../1536//#testresult/146ff6c7ad92dca","status":"broken","statusDetails":"asyncio.exceptions.TimeoutError: Timed out waiting for model:\nmysql-router-k8s/0 [idle] active: Router 8.0.37+testupgrade running (restart pending); Charmed operator 1.2+c5db3af\n  mysql-router-k8s/1 [idle] active: Router 8.0.37+testupgrade running (restart pending); Charmed operator 1.2+c5db3af\n  mysql-router-k8s/2 [idle] active: Router 8.0.37+testupgrade running; Charmed operator 1.2+c5db3af","time":{"start":1720921251017,"stop":1720922534337,"duration":1283320}},{"uid":"3f2eca3b2359f59","reportUrl":"../1535//#testresult/3f2eca3b2359f59","status":"passed","time":{"start":1720834907519,"stop":1720835118105,"duration":210586}},{"uid":"985006d2734a48e2","reportUrl":"../1532//#testresult/985006d2734a48e2","status":"unknown","time":{}},{"uid":"f9f01b14f685dc89","reportUrl":"../1529//#testresult/f9f01b14f685dc89","status":"passed","time":{"start":1720662314827,"stop":1720662521388,"duration":206561}},{"uid":"e8a726623304d20c","reportUrl":"../1528//#testresult/e8a726623304d20c","status":"passed","time":{"start":1720575829021,"stop":1720576041506,"duration":212485}},{"uid":"ce8dd3fec1d3e2eb","reportUrl":"../1524//#testresult/ce8dd3fec1d3e2eb","status":"passed","time":{"start":1720489532435,"stop":1720489736328,"duration":203893}},{"uid":"fb4fe58bc69d6582","reportUrl":"../1515//#testresult/fb4fe58bc69d6582","status":"passed","time":{"start":1720402888262,"stop":1720403101318,"duration":213056}}]},"tags":["asyncio","abort_on_fail","group(1)"]},"source":"3d72e3e0d70de20e.json","parameterValues":[]}